2026-02-05 08:27:05,185 INFO root: [2.1 1s Preis + Funding (Redis)] CPU affinity set via psutil: core=0
2026-02-05 08:27:05,188 INFO root: [2.1 1s Preis + Funding (Redis)] Start preset=2.1 1s Preis + Funding (Redis) output_mode=redis
2026-02-05 08:27:07,226 INFO root: [2.1 1s Preis + Funding (Redis)] LOG LEGEND: ws=websocket input, routed=router accepted, written=buffered rows, flushed=rows inserted into Redis. pending=written-flushed (buffer), missing=expected-flushed (per interval), backlog=rolling deficit vs expected, backlog_ws=rolling deficit vs ws (ingest throughput vs input).
2026-02-05 08:27:07,227 INFO root: [2.1 1s Preis + Funding (Redis)] Preset config: label=2.1 1s Preis + Funding (Redis) log_interval_s=10 health=True output_mode=redis
2026-02-05 08:27:07,227 INFO feeds.binance: [2.1 1s Preis + Funding (Redis)] connect channel=mark_price streams=100
2026-02-05 08:27:07,260 INFO feeds.binance: [2.1 1s Preis + Funding (Redis)] connect channel=mark_price streams=100
2026-02-05 08:27:07,262 INFO feeds.binance: [2.1 1s Preis + Funding (Redis)] connect channel=mark_price streams=100
2026-02-05 08:27:07,263 INFO feeds.binance: [2.1 1s Preis + Funding (Redis)] connect channel=mark_price streams=100
2026-02-05 08:27:07,265 INFO feeds.binance: [2.1 1s Preis + Funding (Redis)] connect channel=mark_price streams=100
2026-02-05 08:27:07,267 INFO feeds.binance: [2.1 1s Preis + Funding (Redis)] connect channel=mark_price streams=44
2026-02-05 08:27:08,063 INFO feeds.binance: [2.1 1s Preis + Funding (Redis)] connected channel=mark_price
2026-02-05 08:27:08,067 INFO feeds.binance: [2.1 1s Preis + Funding (Redis)] connected channel=mark_price
2026-02-05 08:27:08,073 INFO feeds.binance: [2.1 1s Preis + Funding (Redis)] connected channel=mark_price
2026-02-05 08:27:08,075 INFO feeds.binance: [2.1 1s Preis + Funding (Redis)] connected channel=mark_price
2026-02-05 08:27:08,078 INFO feeds.binance: [2.1 1s Preis + Funding (Redis)] connected channel=mark_price
2026-02-05 08:27:08,207 INFO feeds.binance: [2.1 1s Preis + Funding (Redis)] connected channel=mark_price
2026-02-05 08:27:17,279 INFO feeds.binance: [2.1 1s Preis + Funding (Redis)] ws-stats funding: msgs+4896/10s conns+6 discs+0 | mark_price: msgs+4896/10s conns+6 discs+0
2026-02-05 08:27:17,280 INFO root: [2.1 1s Preis + Funding (Redis)] [ingest] redis: events+9792/10s items+14688/10s flushed+20877/10s
2026-02-05 08:27:17,280 INFO root: [2.1 1s Preis + Funding (Redis)] [diff] funding: ws+4896 routed+4896 written+4896 lost+0 | mark_price: ws+4896 routed+4896 written+4896 lost+0
2026-02-05 08:27:17,281 INFO root: [2.1 1s Preis + Funding (Redis)] [loss] funding: ws->router 0 | router->writer 0 | writer->flush -1989 | mark_price: ws->router 0 | router->writer 0 | writer->flush -2100
2026-02-05 08:27:17,281 INFO root: [2.1 1s Preis + Funding (Redis)] [health] mark_price: expected=5440/10s flushed=6996 pending=0 missing=0 backlog=0 backlog_ws=0 | funding: expected=5440/10s flushed=6885 pending=0 missing=0 backlog=0 backlog_ws=0
2026-02-05 08:27:17,291 INFO root: [2.1 1s Preis + Funding (Redis)] HEALTH channel=mark_price lag_ms avg=0.0 max=0
2026-02-05 08:27:17,292 INFO root: [2.1 1s Preis + Funding (Redis)] HEALTH channel=funding lag_ms avg=0.0 max=0
2026-02-05 08:27:17,386 INFO root: [2.1 1s Preis + Funding (Redis)] [sys] py_cpu=6.6% | py_rss=69.8MB
2026-02-05 08:27:27,289 INFO feeds.binance: [2.1 1s Preis + Funding (Redis)] ws-stats funding: msgs+5440/10s conns+0 discs+0 | mark_price: msgs+5440/10s conns+0 discs+0
2026-02-05 08:27:27,306 INFO root: [2.1 1s Preis + Funding (Redis)] HEALTH channel=mark_price lag_ms avg=0.0 max=0
2026-02-05 08:27:27,307 INFO root: [2.1 1s Preis + Funding (Redis)] HEALTH channel=funding lag_ms avg=0.0 max=0
2026-02-05 08:27:27,444 INFO root: [2.1 1s Preis + Funding (Redis)] [ingest] redis: events+10880/10s items+16320/10s flushed+22607/10s
2026-02-05 08:27:27,445 INFO root: [2.1 1s Preis + Funding (Redis)] [diff] funding: ws+5440 routed+5440 written+5440 lost+0 | mark_price: ws+5440 routed+5440 written+5440 lost+0
2026-02-05 08:27:27,446 INFO root: [2.1 1s Preis + Funding (Redis)] [loss] funding: ws->router 0 | router->writer 0 | writer->flush -2019 | mark_price: ws->router 0 | router->writer 0 | writer->flush -2134
2026-02-05 08:27:27,447 INFO root: [2.1 1s Preis + Funding (Redis)] [health] mark_price: expected=5440/10s flushed=7574 pending=0 missing=0 backlog=0 backlog_ws=0 | funding: expected=5440/10s flushed=7459 pending=0 missing=0 backlog=0 backlog_ws=0
2026-02-05 08:27:27,448 INFO root: [2.1 1s Preis + Funding (Redis)] [sys] py_cpu=6.1% | py_rss=70.1MB | py_io_read=0.00MB/10s | py_io_write=0.00MB/10s
2026-02-05 08:27:37,293 INFO feeds.binance: [2.1 1s Preis + Funding (Redis)] ws-stats funding: msgs+5440/10s conns+0 discs+0 | mark_price: msgs+5440/10s conns+0 discs+0
2026-02-05 08:27:37,320 INFO root: [2.1 1s Preis + Funding (Redis)] HEALTH channel=mark_price lag_ms avg=0.0 max=0
2026-02-05 08:27:37,322 INFO root: [2.1 1s Preis + Funding (Redis)] HEALTH channel=funding lag_ms avg=0.0 max=0
2026-02-05 08:27:37,459 INFO root: [2.1 1s Preis + Funding (Redis)] [ingest] redis: events+10880/10s items+16320/10s flushed+22864/10s
2026-02-05 08:27:37,459 INFO root: [2.1 1s Preis + Funding (Redis)] [diff] funding: ws+5440 routed+5440 written+5440 lost+0 | mark_price: ws+5440 routed+5440 written+5440 lost+0
2026-02-05 08:27:37,460 INFO root: [2.1 1s Preis + Funding (Redis)] [loss] funding: ws->router 0 | router->writer 0 | writer->flush -2090 | mark_price: ws->router 0 | router->writer 0 | writer->flush -2227
2026-02-05 08:27:37,460 INFO root: [2.1 1s Preis + Funding (Redis)] [health] mark_price: expected=5440/10s flushed=7667 pending=0 missing=0 backlog=0 backlog_ws=0 | funding: expected=5440/10s flushed=7530 pending=0 missing=0 backlog=0 backlog_ws=0
2026-02-05 08:27:37,461 INFO root: [2.1 1s Preis + Funding (Redis)] [sys] py_cpu=6.7% | py_rss=70.3MB | py_io_read=0.00MB/10s | py_io_write=0.00MB/10s
2026-02-05 08:27:47,307 INFO feeds.binance: [2.1 1s Preis + Funding (Redis)] ws-stats funding: msgs+5440/10s conns+0 discs+0 | mark_price: msgs+5440/10s conns+0 discs+0
2026-02-05 08:27:47,338 INFO root: [2.1 1s Preis + Funding (Redis)] HEALTH channel=mark_price lag_ms avg=0.0 max=0
2026-02-05 08:27:47,339 INFO root: [2.1 1s Preis + Funding (Redis)] HEALTH channel=funding lag_ms avg=0.0 max=0
2026-02-05 08:27:47,475 INFO root: [2.1 1s Preis + Funding (Redis)] [ingest] redis: events+10880/10s items+16320/10s flushed+23556/10s
2026-02-05 08:27:47,476 INFO root: [2.1 1s Preis + Funding (Redis)] [diff] funding: ws+5440 routed+5440 written+5440 lost+0 | mark_price: ws+5440 routed+5440 written+5440 lost+0
2026-02-05 08:27:47,476 INFO root: [2.1 1s Preis + Funding (Redis)] [loss] funding: ws->router 0 | router->writer 0 | writer->flush -2316 | mark_price: ws->router 0 | router->writer 0 | writer->flush -2460
2026-02-05 08:27:47,477 INFO root: [2.1 1s Preis + Funding (Redis)] [health] mark_price: expected=5440/10s flushed=7900 pending=0 missing=0 backlog=0 backlog_ws=0 | funding: expected=5440/10s flushed=7756 pending=0 missing=0 backlog=0 backlog_ws=0
2026-02-05 08:27:47,478 INFO root: [2.1 1s Preis + Funding (Redis)] [sys] py_cpu=7.3% | py_rss=70.8MB | py_io_read=0.00MB/10s | py_io_write=0.00MB/10s
2026-02-05 08:27:57,319 INFO feeds.binance: [2.1 1s Preis + Funding (Redis)] ws-stats funding: msgs+5440/10s conns+0 discs+0 | mark_price: msgs+5440/10s conns+0 discs+0
2026-02-05 08:27:57,349 INFO root: [2.1 1s Preis + Funding (Redis)] HEALTH channel=mark_price lag_ms avg=0.0 max=0
2026-02-05 08:27:57,351 INFO root: [2.1 1s Preis + Funding (Redis)] HEALTH channel=funding lag_ms avg=0.0 max=0
2026-02-05 08:27:57,485 INFO root: [2.1 1s Preis + Funding (Redis)] [ingest] redis: events+10880/10s items+16320/10s flushed+22972/10s
2026-02-05 08:27:57,485 INFO root: [2.1 1s Preis + Funding (Redis)] [diff] funding: ws+5440 routed+5440 written+5440 lost+0 | mark_price: ws+5440 routed+5440 written+5440 lost+0
2026-02-05 08:27:57,486 INFO root: [2.1 1s Preis + Funding (Redis)] [loss] funding: ws->router 0 | router->writer 0 | writer->flush -2148 | mark_price: ws->router 0 | router->writer 0 | writer->flush -2252
2026-02-05 08:27:57,487 INFO root: [2.1 1s Preis + Funding (Redis)] [health] mark_price: expected=5440/10s flushed=7692 pending=0 missing=0 backlog=0 backlog_ws=0 | funding: expected=5440/10s flushed=7588 pending=0 missing=0 backlog=0 backlog_ws=0
2026-02-05 08:27:57,488 INFO root: [2.1 1s Preis + Funding (Redis)] [sys] py_cpu=6.4% | py_rss=70.8MB | py_io_read=0.00MB/10s | py_io_write=0.00MB/10s
2026-02-05 08:28:07,330 INFO feeds.binance: [2.1 1s Preis + Funding (Redis)] ws-stats funding: msgs+5440/10s conns+0 discs+0 | mark_price: msgs+5440/10s conns+0 discs+0
2026-02-05 08:28:07,359 INFO root: [2.1 1s Preis + Funding (Redis)] HEALTH channel=mark_price lag_ms avg=0.0 max=0
2026-02-05 08:28:07,360 INFO root: [2.1 1s Preis + Funding (Redis)] HEALTH channel=funding lag_ms avg=0.0 max=0
2026-02-05 08:28:07,492 INFO root: [2.1 1s Preis + Funding (Redis)] [ingest] redis: events+10880/10s items+16320/10s flushed+21762/10s
2026-02-05 08:28:07,492 INFO root: [2.1 1s Preis + Funding (Redis)] [diff] funding: ws+5440 routed+5440 written+5440 lost+0 | mark_price: ws+5440 routed+5440 written+5440 lost+0
2026-02-05 08:28:07,493 INFO root: [2.1 1s Preis + Funding (Redis)] [loss] funding: ws->router 0 | router->writer 0 | writer->flush -1752 | mark_price: ws->router 0 | router->writer 0 | writer->flush -1845
2026-02-05 08:28:07,493 INFO root: [2.1 1s Preis + Funding (Redis)] [health] mark_price: expected=5440/10s flushed=7285 pending=0 missing=0 backlog=0 backlog_ws=0 | funding: expected=5440/10s flushed=7192 pending=0 missing=0 backlog=0 backlog_ws=0
2026-02-05 08:28:07,494 INFO root: [2.1 1s Preis + Funding (Redis)] [sys] py_cpu=5.6% | py_rss=70.8MB | py_io_read=0.00MB/10s | py_io_write=0.00MB/10s
2026-02-05 08:28:17,346 INFO feeds.binance: [2.1 1s Preis + Funding (Redis)] ws-stats funding: msgs+5440/10s conns+0 discs+0 | mark_price: msgs+5440/10s conns+0 discs+0
2026-02-05 08:28:17,363 INFO root: [2.1 1s Preis + Funding (Redis)] HEALTH channel=mark_price lag_ms avg=0.0 max=0
2026-02-05 08:28:17,365 INFO root: [2.1 1s Preis + Funding (Redis)] HEALTH channel=funding lag_ms avg=0.0 max=0
2026-02-05 08:28:17,499 INFO root: [2.1 1s Preis + Funding (Redis)] [ingest] redis: events+10880/10s items+16320/10s flushed+23069/10s
2026-02-05 08:28:17,500 INFO root: [2.1 1s Preis + Funding (Redis)] [diff] funding: ws+5440 routed+5440 written+5440 lost+0 | mark_price: ws+5440 routed+5440 written+5440 lost+0
2026-02-05 08:28:17,501 INFO root: [2.1 1s Preis + Funding (Redis)] [loss] funding: ws->router 0 | router->writer 0 | writer->flush -2167 | mark_price: ws->router 0 | router->writer 0 | writer->flush -2291
2026-02-05 08:28:17,502 INFO root: [2.1 1s Preis + Funding (Redis)] [health] mark_price: expected=5440/10s flushed=7731 pending=0 missing=0 backlog=0 backlog_ws=0 | funding: expected=5440/10s flushed=7607 pending=0 missing=0 backlog=0 backlog_ws=0
2026-02-05 08:28:17,601 INFO root: [2.1 1s Preis + Funding (Redis)] [sys] py_cpu=6.0% | py_rss=70.8MB | py_io_read=0.00MB/10s | py_io_write=0.00MB/10s
2026-02-05 08:28:27,360 INFO feeds.binance: [2.1 1s Preis + Funding (Redis)] ws-stats funding: msgs+5440/10s conns+0 discs+0 | mark_price: msgs+5440/10s conns+0 discs+0
2026-02-05 08:28:27,383 INFO root: [2.1 1s Preis + Funding (Redis)] HEALTH channel=mark_price lag_ms avg=0.0 max=0
2026-02-05 08:28:27,385 INFO root: [2.1 1s Preis + Funding (Redis)] HEALTH channel=funding lag_ms avg=0.0 max=0
2026-02-05 08:28:27,649 INFO root: [2.1 1s Preis + Funding (Redis)] [ingest] redis: events+10880/10s items+16320/10s flushed+23931/10s
2026-02-05 08:28:27,650 INFO root: [2.1 1s Preis + Funding (Redis)] [diff] funding: ws+5440 routed+5440 written+5440 lost+0 | mark_price: ws+5440 routed+5440 written+5440 lost+0
2026-02-05 08:28:27,651 INFO root: [2.1 1s Preis + Funding (Redis)] [loss] funding: ws->router 0 | router->writer 0 | writer->flush -2463 | mark_price: ws->router 0 | router->writer 0 | writer->flush -2574
2026-02-05 08:28:27,651 INFO root: [2.1 1s Preis + Funding (Redis)] [health] mark_price: expected=5440/10s flushed=8014 pending=0 missing=0 backlog=0 backlog_ws=0 | funding: expected=5440/10s flushed=7903 pending=0 missing=0 backlog=0 backlog_ws=0
2026-02-05 08:28:27,652 INFO root: [2.1 1s Preis + Funding (Redis)] [sys] py_cpu=6.7% | py_rss=70.8MB | py_io_read=0.00MB/10s | py_io_write=0.00MB/10s
2026-02-05 08:28:37,375 INFO feeds.binance: [2.1 1s Preis + Funding (Redis)] ws-stats funding: msgs+5440/10s conns+0 discs+0 | mark_price: msgs+5440/10s conns+0 discs+0
2026-02-05 08:28:37,392 INFO root: [2.1 1s Preis + Funding (Redis)] HEALTH channel=mark_price lag_ms avg=0.0 max=0
2026-02-05 08:28:37,393 INFO root: [2.1 1s Preis + Funding (Redis)] HEALTH channel=funding lag_ms avg=0.0 max=0
2026-02-05 08:28:37,667 INFO root: [2.1 1s Preis + Funding (Redis)] [ingest] redis: events+10880/10s items+16320/10s flushed+22750/10s
2026-02-05 08:28:37,668 INFO root: [2.1 1s Preis + Funding (Redis)] [diff] funding: ws+5440 routed+5440 written+5440 lost+0 | mark_price: ws+5440 routed+5440 written+5440 lost+0
2026-02-05 08:28:37,668 INFO root: [2.1 1s Preis + Funding (Redis)] [loss] funding: ws->router 0 | router->writer 0 | writer->flush -2080 | mark_price: ws->router 0 | router->writer 0 | writer->flush -2175
2026-02-05 08:28:37,669 INFO root: [2.1 1s Preis + Funding (Redis)] [health] mark_price: expected=5440/10s flushed=7615 pending=0 missing=0 backlog=0 backlog_ws=0 | funding: expected=5440/10s flushed=7520 pending=0 missing=0 backlog=0 backlog_ws=0
2026-02-05 08:28:37,669 INFO root: [2.1 1s Preis + Funding (Redis)] [sys] py_cpu=5.8% | py_rss=71.0MB | py_io_read=0.00MB/10s | py_io_write=0.00MB/10s
2026-02-05 08:28:47,380 INFO feeds.binance: [2.1 1s Preis + Funding (Redis)] ws-stats funding: msgs+5440/10s conns+0 discs+0 | mark_price: msgs+5440/10s conns+0 discs+0
2026-02-05 08:28:47,397 INFO root: [2.1 1s Preis + Funding (Redis)] HEALTH channel=mark_price lag_ms avg=0.0 max=0
2026-02-05 08:28:47,398 INFO root: [2.1 1s Preis + Funding (Redis)] HEALTH channel=funding lag_ms avg=0.0 max=0
2026-02-05 08:28:47,691 INFO root: [2.1 1s Preis + Funding (Redis)] [ingest] redis: events+10880/10s items+16320/10s flushed+21994/10s
2026-02-05 08:28:47,693 INFO root: [2.1 1s Preis + Funding (Redis)] [diff] funding: ws+5440 routed+5440 written+5440 lost+0 | mark_price: ws+5440 routed+5440 written+5440 lost+0
2026-02-05 08:28:47,693 INFO root: [2.1 1s Preis + Funding (Redis)] [loss] funding: ws->router 0 | router->writer 0 | writer->flush -1828 | mark_price: ws->router 0 | router->writer 0 | writer->flush -1923
2026-02-05 08:28:47,694 INFO root: [2.1 1s Preis + Funding (Redis)] [health] mark_price: expected=5440/10s flushed=7363 pending=0 missing=0 backlog=0 backlog_ws=0 | funding: expected=5440/10s flushed=7268 pending=0 missing=0 backlog=0 backlog_ws=0
2026-02-05 08:28:47,695 INFO root: [2.1 1s Preis + Funding (Redis)] [sys] py_cpu=6.2% | py_rss=71.1MB | py_io_read=0.00MB/10s | py_io_write=0.00MB/10s
2026-02-05 08:28:57,397 INFO feeds.binance: [2.1 1s Preis + Funding (Redis)] ws-stats funding: msgs+5440/10s conns+0 discs+0 | mark_price: msgs+5440/10s conns+0 discs+0
2026-02-05 08:28:57,400 INFO root: [2.1 1s Preis + Funding (Redis)] HEALTH channel=mark_price lag_ms avg=0.0 max=0
2026-02-05 08:28:57,401 INFO root: [2.1 1s Preis + Funding (Redis)] HEALTH channel=funding lag_ms avg=0.0 max=0
2026-02-05 08:28:57,703 INFO root: [2.1 1s Preis + Funding (Redis)] [ingest] redis: events+10880/10s items+16320/10s flushed+23649/10s
2026-02-05 08:28:57,703 INFO root: [2.1 1s Preis + Funding (Redis)] [diff] funding: ws+5440 routed+5440 written+5440 lost+0 | mark_price: ws+5440 routed+5440 written+5440 lost+0
2026-02-05 08:28:57,704 INFO root: [2.1 1s Preis + Funding (Redis)] [loss] funding: ws->router 0 | router->writer 0 | writer->flush -2361 | mark_price: ws->router 0 | router->writer 0 | writer->flush -2484
2026-02-05 08:28:57,708 INFO root: [2.1 1s Preis + Funding (Redis)] [health] mark_price: expected=5440/10s flushed=7924 pending=0 missing=0 backlog=0 backlog_ws=0 | funding: expected=5440/10s flushed=7801 pending=0 missing=0 backlog=0 backlog_ws=0
2026-02-05 08:28:57,719 INFO root: [2.1 1s Preis + Funding (Redis)] [sys] py_cpu=7.3% | py_rss=71.2MB | py_io_read=0.00MB/10s | py_io_write=0.00MB/10s
2026-02-05 08:31:52,316 INFO root: [2.1 1s Preis + Funding (Redis)] CPU affinity set via psutil: core=0
2026-02-05 08:31:52,317 INFO root: [2.1 1s Preis + Funding (Redis)] Start preset=2.1 1s Preis + Funding (Redis) output_mode=redis
2026-02-05 08:31:54,323 INFO root: [2.1 1s Preis + Funding (Redis)] LOG LEGEND: ws=websocket input, routed=router accepted, written=buffered rows, flushed=rows inserted into Redis. pending=written-flushed (buffer), missing=expected-flushed (per interval), backlog=rolling deficit vs expected, backlog_ws=rolling deficit vs ws (ingest throughput vs input).
2026-02-05 08:31:54,323 INFO root: [2.1 1s Preis + Funding (Redis)] Preset config: label=2.1 1s Preis + Funding (Redis) log_interval_s=10 health=True output_mode=redis
2026-02-05 08:31:54,324 INFO feeds.binance: [2.1 1s Preis + Funding (Redis)] connect channel=mark_price streams=100
2026-02-05 08:31:54,363 INFO feeds.binance: [2.1 1s Preis + Funding (Redis)] connect channel=mark_price streams=100
2026-02-05 08:31:54,366 INFO feeds.binance: [2.1 1s Preis + Funding (Redis)] connect channel=mark_price streams=100
2026-02-05 08:31:54,367 INFO feeds.binance: [2.1 1s Preis + Funding (Redis)] connect channel=mark_price streams=100
2026-02-05 08:31:54,368 INFO feeds.binance: [2.1 1s Preis + Funding (Redis)] connect channel=mark_price streams=100
2026-02-05 08:31:54,369 INFO feeds.binance: [2.1 1s Preis + Funding (Redis)] connect channel=mark_price streams=44
2026-02-05 08:31:55,119 INFO feeds.binance: [2.1 1s Preis + Funding (Redis)] connected channel=mark_price
2026-02-05 08:31:55,213 INFO feeds.binance: [2.1 1s Preis + Funding (Redis)] connected channel=mark_price
2026-02-05 08:31:55,219 INFO feeds.binance: [2.1 1s Preis + Funding (Redis)] connected channel=mark_price
2026-02-05 08:31:55,220 INFO feeds.binance: [2.1 1s Preis + Funding (Redis)] connected channel=mark_price
2026-02-05 08:31:55,226 INFO feeds.binance: [2.1 1s Preis + Funding (Redis)] connected channel=mark_price
2026-02-05 08:31:55,339 INFO feeds.binance: [2.1 1s Preis + Funding (Redis)] connected channel=mark_price
2026-02-05 08:32:04,375 INFO feeds.binance: [2.1 1s Preis + Funding (Redis)] ws-stats funding: msgs+4896/10s conns+6 discs+0 | mark_price: msgs+4896/10s conns+6 discs+0
2026-02-05 08:32:04,376 INFO root: [2.1 1s Preis + Funding (Redis)] [ingest] redis: events+9792/10s items+14688/10s flushed+20614/10s
2026-02-05 08:32:04,377 INFO root: [2.1 1s Preis + Funding (Redis)] [diff] funding: ws+4896 routed+4896 written+4896 lost+0 | mark_price: ws+4896 routed+4896 written+4896 lost+0
2026-02-05 08:32:04,377 INFO root: [2.1 1s Preis + Funding (Redis)] [loss] funding: ws->router 0 | router->writer 0 | writer->flush -1902 | mark_price: ws->router 0 | router->writer 0 | writer->flush -2012
2026-02-05 08:32:04,378 INFO root: [2.1 1s Preis + Funding (Redis)] [health] mark_price: expected=5440/10s flushed=6908 pending=0 missing=0 backlog=0 backlog_ws=0 | funding: expected=5440/10s flushed=6798 pending=0 missing=0 backlog=0 backlog_ws=0
2026-02-05 08:32:04,390 INFO root: [2.1 1s Preis + Funding (Redis)] HEALTH channel=mark_price lag_ms avg=0.0 max=0
2026-02-05 08:32:04,392 INFO root: [2.1 1s Preis + Funding (Redis)] HEALTH channel=funding lag_ms avg=0.0 max=0
2026-02-05 08:32:04,481 INFO root: [2.1 1s Preis + Funding (Redis)] [sys] py_cpu=8.2% | py_rss=69.7MB
2026-02-05 08:32:14,381 INFO feeds.binance: [2.1 1s Preis + Funding (Redis)] ws-stats funding: msgs+5440/10s conns+0 discs+0 | mark_price: msgs+5440/10s conns+0 discs+0
2026-02-05 08:32:14,400 INFO root: [2.1 1s Preis + Funding (Redis)] HEALTH channel=mark_price lag_ms avg=0.0 max=0
2026-02-05 08:32:14,402 INFO root: [2.1 1s Preis + Funding (Redis)] HEALTH channel=funding lag_ms avg=0.0 max=0
2026-02-05 08:32:14,533 INFO root: [2.1 1s Preis + Funding (Redis)] [ingest] redis: events+10880/10s items+16320/10s flushed+22617/10s
2026-02-05 08:32:14,534 INFO root: [2.1 1s Preis + Funding (Redis)] [diff] funding: ws+5440 routed+5440 written+5440 lost+0 | mark_price: ws+5440 routed+5440 written+5440 lost+0
2026-02-05 08:32:14,536 INFO root: [2.1 1s Preis + Funding (Redis)] [loss] funding: ws->router 0 | router->writer 0 | writer->flush -2027 | mark_price: ws->router 0 | router->writer 0 | writer->flush -2135
2026-02-05 08:32:14,537 INFO root: [2.1 1s Preis + Funding (Redis)] [health] mark_price: expected=5440/10s flushed=7575 pending=0 missing=0 backlog=0 backlog_ws=0 | funding: expected=5440/10s flushed=7467 pending=0 missing=0 backlog=0 backlog_ws=0
2026-02-05 08:32:14,538 INFO root: [2.1 1s Preis + Funding (Redis)] [sys] py_cpu=8.4% | py_rss=70.3MB | py_io_read=0.00MB/10s | py_io_write=0.00MB/10s
2026-02-05 08:32:24,391 INFO feeds.binance: [2.1 1s Preis + Funding (Redis)] ws-stats funding: msgs+5440/10s conns+0 discs+0 | mark_price: msgs+5440/10s conns+0 discs+0
2026-02-05 08:32:24,406 INFO root: [2.1 1s Preis + Funding (Redis)] HEALTH channel=mark_price lag_ms avg=0.0 max=0
2026-02-05 08:32:24,408 INFO root: [2.1 1s Preis + Funding (Redis)] HEALTH channel=funding lag_ms avg=0.0 max=0
2026-02-05 08:32:24,546 INFO root: [2.1 1s Preis + Funding (Redis)] [ingest] redis: events+10880/10s items+16320/10s flushed+23172/10s
2026-02-05 08:32:24,547 INFO root: [2.1 1s Preis + Funding (Redis)] [diff] funding: ws+5440 routed+5440 written+5440 lost+0 | mark_price: ws+5440 routed+5440 written+5440 lost+0
2026-02-05 08:32:24,547 INFO root: [2.1 1s Preis + Funding (Redis)] [loss] funding: ws->router 0 | router->writer 0 | writer->flush -2190 | mark_price: ws->router 0 | router->writer 0 | writer->flush -2331
2026-02-05 08:32:24,548 INFO root: [2.1 1s Preis + Funding (Redis)] [health] mark_price: expected=5440/10s flushed=7771 pending=0 missing=0 backlog=0 backlog_ws=0 | funding: expected=5440/10s flushed=7630 pending=0 missing=0 backlog=0 backlog_ws=0
2026-02-05 08:32:24,549 INFO root: [2.1 1s Preis + Funding (Redis)] [sys] py_cpu=5.9% | py_rss=70.6MB | py_io_read=0.00MB/10s | py_io_write=0.00MB/10s
2026-02-05 08:32:34,401 INFO feeds.binance: [2.1 1s Preis + Funding (Redis)] ws-stats funding: msgs+5440/10s conns+0 discs+0 | mark_price: msgs+5440/10s conns+0 discs+0
2026-02-05 08:32:34,418 INFO root: [2.1 1s Preis + Funding (Redis)] HEALTH channel=mark_price lag_ms avg=0.0 max=0
2026-02-05 08:32:34,420 INFO root: [2.1 1s Preis + Funding (Redis)] HEALTH channel=funding lag_ms avg=0.0 max=0
2026-02-05 08:32:34,553 INFO root: [2.1 1s Preis + Funding (Redis)] [ingest] redis: events+10880/10s items+16320/10s flushed+22377/10s
2026-02-05 08:32:34,554 INFO root: [2.1 1s Preis + Funding (Redis)] [diff] funding: ws+5440 routed+5440 written+5440 lost+0 | mark_price: ws+5440 routed+5440 written+5440 lost+0
2026-02-05 08:32:34,554 INFO root: [2.1 1s Preis + Funding (Redis)] [loss] funding: ws->router 0 | router->writer 0 | writer->flush -1941 | mark_price: ws->router 0 | router->writer 0 | writer->flush -2058
2026-02-05 08:32:34,555 INFO root: [2.1 1s Preis + Funding (Redis)] [health] mark_price: expected=5440/10s flushed=7498 pending=0 missing=0 backlog=0 backlog_ws=0 | funding: expected=5440/10s flushed=7381 pending=0 missing=0 backlog=0 backlog_ws=0
2026-02-05 08:32:34,555 INFO root: [2.1 1s Preis + Funding (Redis)] [sys] py_cpu=6.9% | py_rss=70.9MB | py_io_read=0.00MB/10s | py_io_write=0.00MB/10s
2026-02-05 08:33:25,241 INFO root: [2.1 1s Preis + Funding (Redis)] CPU affinity set via psutil: core=0
2026-02-05 08:33:25,242 INFO root: [2.1 1s Preis + Funding (Redis)] Start preset=2.1 1s Preis + Funding (Redis) output_mode=redis
2026-02-05 08:33:27,385 INFO root: [2.1 1s Preis + Funding (Redis)] LOG LEGEND: ws=websocket input, routed=router accepted, written=buffered rows, flushed=rows inserted into Redis. pending=written-flushed (buffer), missing=expected-flushed (per interval), backlog=rolling deficit vs expected, backlog_ws=rolling deficit vs ws (ingest throughput vs input).
2026-02-05 08:33:27,386 INFO root: [2.1 1s Preis + Funding (Redis)] Preset config: label=2.1 1s Preis + Funding (Redis) log_interval_s=10 health=True output_mode=redis
2026-02-05 08:33:27,387 INFO feeds.binance: [2.1 1s Preis + Funding (Redis)] connect channel=mark_price streams=100
2026-02-05 08:33:27,424 INFO feeds.binance: [2.1 1s Preis + Funding (Redis)] connect channel=mark_price streams=100
2026-02-05 08:33:27,425 INFO feeds.binance: [2.1 1s Preis + Funding (Redis)] connect channel=mark_price streams=100
2026-02-05 08:33:27,427 INFO feeds.binance: [2.1 1s Preis + Funding (Redis)] connect channel=mark_price streams=100
2026-02-05 08:33:27,429 INFO feeds.binance: [2.1 1s Preis + Funding (Redis)] connect channel=mark_price streams=100
2026-02-05 08:33:27,431 INFO feeds.binance: [2.1 1s Preis + Funding (Redis)] connect channel=mark_price streams=44
2026-02-05 08:33:28,151 INFO feeds.binance: [2.1 1s Preis + Funding (Redis)] connected channel=mark_price
2026-02-05 08:33:28,248 INFO feeds.binance: [2.1 1s Preis + Funding (Redis)] connected channel=mark_price
2026-02-05 08:33:28,265 INFO feeds.binance: [2.1 1s Preis + Funding (Redis)] connected channel=mark_price
2026-02-05 08:33:28,268 INFO feeds.binance: [2.1 1s Preis + Funding (Redis)] connected channel=mark_price
2026-02-05 08:33:28,270 INFO feeds.binance: [2.1 1s Preis + Funding (Redis)] connected channel=mark_price
2026-02-05 08:33:28,468 INFO feeds.binance: [2.1 1s Preis + Funding (Redis)] connected channel=mark_price
2026-02-05 08:33:37,438 INFO feeds.binance: [2.1 1s Preis + Funding (Redis)] ws-stats funding: msgs+4896/10s conns+6 discs+0 | mark_price: msgs+4896/10s conns+6 discs+0
2026-02-05 08:33:37,438 INFO root: [2.1 1s Preis + Funding (Redis)] [ingest] redis: events+9792/10s items+14688/10s flushed+21180/10s
2026-02-05 08:33:37,439 INFO root: [2.1 1s Preis + Funding (Redis)] [diff] funding: ws+4896 routed+4896 written+4896 lost+0 | mark_price: ws+4896 routed+4896 written+4896 lost+0
2026-02-05 08:33:37,439 INFO root: [2.1 1s Preis + Funding (Redis)] [loss] funding: ws->router 0 | router->writer 0 | writer->flush -2080 | mark_price: ws->router 0 | router->writer 0 | writer->flush -2206
2026-02-05 08:33:37,439 INFO root: [2.1 1s Preis + Funding (Redis)] [health] mark_price: expected=5440/10s flushed=7102 pending=0 missing=0 backlog=0 backlog_ws=0 | funding: expected=5440/10s flushed=6976 pending=0 missing=0 backlog=0 backlog_ws=0
2026-02-05 08:33:37,446 INFO root: [2.1 1s Preis + Funding (Redis)] HEALTH channel=mark_price lag_ms avg=0.0 max=0
2026-02-05 08:33:37,447 INFO root: [2.1 1s Preis + Funding (Redis)] HEALTH channel=funding lag_ms avg=0.0 max=0
2026-02-05 08:33:37,535 INFO root: [2.1 1s Preis + Funding (Redis)] [sys] py_cpu=9.3% | py_rss=69.9MB
2026-02-05 08:33:47,448 INFO feeds.binance: [2.1 1s Preis + Funding (Redis)] ws-stats funding: msgs+5440/10s conns+0 discs+0 | mark_price: msgs+5440/10s conns+0 discs+0
2026-02-05 08:33:47,452 INFO root: [2.1 1s Preis + Funding (Redis)] HEALTH channel=mark_price lag_ms avg=0.0 max=0
2026-02-05 08:33:47,453 INFO root: [2.1 1s Preis + Funding (Redis)] HEALTH channel=funding lag_ms avg=0.0 max=0
2026-02-05 08:33:47,601 INFO root: [2.1 1s Preis + Funding (Redis)] [ingest] redis: events+10880/10s items+16320/10s flushed+22608/10s
2026-02-05 08:33:47,602 INFO root: [2.1 1s Preis + Funding (Redis)] [diff] funding: ws+5440 routed+5440 written+5440 lost+0 | mark_price: ws+5440 routed+5440 written+5440 lost+0
2026-02-05 08:33:47,603 INFO root: [2.1 1s Preis + Funding (Redis)] [loss] funding: ws->router 0 | router->writer 0 | writer->flush -2026 | mark_price: ws->router 0 | router->writer 0 | writer->flush -2131
2026-02-05 08:33:47,603 INFO root: [2.1 1s Preis + Funding (Redis)] [health] mark_price: expected=5440/10s flushed=7571 pending=0 missing=0 backlog=0 backlog_ws=0 | funding: expected=5440/10s flushed=7466 pending=0 missing=0 backlog=0 backlog_ws=0
2026-02-05 08:33:47,604 INFO root: [2.1 1s Preis + Funding (Redis)] [sys] py_cpu=7.3% | py_rss=70.4MB | py_io_read=0.00MB/10s | py_io_write=0.00MB/10s
2026-02-05 08:33:57,453 INFO feeds.binance: [2.1 1s Preis + Funding (Redis)] ws-stats funding: msgs+5440/10s conns+0 discs+0 | mark_price: msgs+5440/10s conns+0 discs+0
2026-02-05 08:33:57,459 INFO root: [2.1 1s Preis + Funding (Redis)] HEALTH channel=mark_price lag_ms avg=0.0 max=0
2026-02-05 08:33:57,461 INFO root: [2.1 1s Preis + Funding (Redis)] HEALTH channel=funding lag_ms avg=0.0 max=0
2026-02-05 08:33:57,609 INFO root: [2.1 1s Preis + Funding (Redis)] [ingest] redis: events+10880/10s items+16320/10s flushed+21751/10s
2026-02-05 08:33:57,610 INFO root: [2.1 1s Preis + Funding (Redis)] [diff] funding: ws+5440 routed+5440 written+5440 lost+0 | mark_price: ws+5440 routed+5440 written+5440 lost+0
2026-02-05 08:33:57,610 INFO root: [2.1 1s Preis + Funding (Redis)] [loss] funding: ws->router 0 | router->writer 0 | writer->flush -1739 | mark_price: ws->router 0 | router->writer 0 | writer->flush -1846
2026-02-05 08:33:57,610 INFO root: [2.1 1s Preis + Funding (Redis)] [health] mark_price: expected=5440/10s flushed=7286 pending=0 missing=0 backlog=0 backlog_ws=0 | funding: expected=5440/10s flushed=7179 pending=0 missing=0 backlog=0 backlog_ws=0
2026-02-05 08:33:57,611 INFO root: [2.1 1s Preis + Funding (Redis)] [sys] py_cpu=7.8% | py_rss=70.7MB | py_io_read=0.00MB/10s | py_io_write=0.00MB/10s
2026-02-05 08:34:07,468 INFO feeds.binance: [2.1 1s Preis + Funding (Redis)] ws-stats funding: msgs+5440/10s conns+0 discs+0 | mark_price: msgs+5440/10s conns+0 discs+0
2026-02-05 08:34:07,470 INFO root: [2.1 1s Preis + Funding (Redis)] HEALTH channel=mark_price lag_ms avg=0.0 max=0
2026-02-05 08:34:07,471 INFO root: [2.1 1s Preis + Funding (Redis)] HEALTH channel=funding lag_ms avg=0.0 max=0
2026-02-05 08:34:07,623 INFO root: [2.1 1s Preis + Funding (Redis)] [ingest] redis: events+10880/10s items+16320/10s flushed+21952/10s
2026-02-05 08:34:07,623 INFO root: [2.1 1s Preis + Funding (Redis)] [diff] funding: ws+5440 routed+5440 written+5440 lost+0 | mark_price: ws+5440 routed+5440 written+5440 lost+0
2026-02-05 08:34:07,624 INFO root: [2.1 1s Preis + Funding (Redis)] [loss] funding: ws->router 0 | router->writer 0 | writer->flush -1814 | mark_price: ws->router 0 | router->writer 0 | writer->flush -1909
2026-02-05 08:34:07,625 INFO root: [2.1 1s Preis + Funding (Redis)] [health] mark_price: expected=5440/10s flushed=7349 pending=0 missing=0 backlog=0 backlog_ws=0 | funding: expected=5440/10s flushed=7254 pending=0 missing=0 backlog=0 backlog_ws=0
2026-02-05 08:34:07,625 INFO root: [2.1 1s Preis + Funding (Redis)] [sys] py_cpu=7.0% | py_rss=70.8MB | py_io_read=0.00MB/10s | py_io_write=0.00MB/10s
2026-02-05 08:34:17,480 INFO feeds.binance: [2.1 1s Preis + Funding (Redis)] ws-stats funding: msgs+5440/10s conns+0 discs+0 | mark_price: msgs+5440/10s conns+0 discs+0
2026-02-05 08:34:17,482 INFO root: [2.1 1s Preis + Funding (Redis)] HEALTH channel=mark_price lag_ms avg=0.0 max=0
2026-02-05 08:34:17,483 INFO root: [2.1 1s Preis + Funding (Redis)] HEALTH channel=funding lag_ms avg=0.0 max=0
2026-02-05 08:34:17,633 INFO root: [2.1 1s Preis + Funding (Redis)] [ingest] redis: events+10880/10s items+16320/10s flushed+22936/10s
2026-02-05 08:34:17,634 INFO root: [2.1 1s Preis + Funding (Redis)] [diff] funding: ws+5440 routed+5440 written+5440 lost+0 | mark_price: ws+5440 routed+5440 written+5440 lost+0
2026-02-05 08:34:17,635 INFO root: [2.1 1s Preis + Funding (Redis)] [loss] funding: ws->router 0 | router->writer 0 | writer->flush -2112 | mark_price: ws->router 0 | router->writer 0 | writer->flush -2252
2026-02-05 08:34:17,636 INFO root: [2.1 1s Preis + Funding (Redis)] [health] mark_price: expected=5440/10s flushed=7692 pending=0 missing=0 backlog=0 backlog_ws=0 | funding: expected=5440/10s flushed=7552 pending=0 missing=0 backlog=0 backlog_ws=0
2026-02-05 08:34:17,637 INFO root: [2.1 1s Preis + Funding (Redis)] [sys] py_cpu=6.6% | py_rss=71.1MB | py_io_read=0.00MB/10s | py_io_write=0.00MB/10s
2026-02-05 08:34:27,493 INFO feeds.binance: [2.1 1s Preis + Funding (Redis)] ws-stats funding: msgs+5440/10s conns+0 discs+0 | mark_price: msgs+5440/10s conns+0 discs+0
2026-02-05 08:34:27,494 INFO root: [2.1 1s Preis + Funding (Redis)] HEALTH channel=mark_price lag_ms avg=0.0 max=0
2026-02-05 08:34:27,496 INFO root: [2.1 1s Preis + Funding (Redis)] HEALTH channel=funding lag_ms avg=0.0 max=0
2026-02-05 08:34:27,646 INFO root: [2.1 1s Preis + Funding (Redis)] [ingest] redis: events+10880/10s items+16320/10s flushed+22052/10s
2026-02-05 08:34:27,647 INFO root: [2.1 1s Preis + Funding (Redis)] [diff] funding: ws+5440 routed+5440 written+5440 lost+0 | mark_price: ws+5440 routed+5440 written+5440 lost+0
2026-02-05 08:34:27,647 INFO root: [2.1 1s Preis + Funding (Redis)] [loss] funding: ws->router 0 | router->writer 0 | writer->flush -1836 | mark_price: ws->router 0 | router->writer 0 | writer->flush -1948
2026-02-05 08:34:27,648 INFO root: [2.1 1s Preis + Funding (Redis)] [health] mark_price: expected=5440/10s flushed=7388 pending=0 missing=0 backlog=0 backlog_ws=0 | funding: expected=5440/10s flushed=7276 pending=0 missing=0 backlog=0 backlog_ws=0
2026-02-05 08:34:27,649 INFO root: [2.1 1s Preis + Funding (Redis)] [sys] py_cpu=7.8% | py_rss=71.1MB | py_io_read=0.00MB/10s | py_io_write=0.00MB/10s
