2026-01-31 10:53:27,822 INFO root: [2.1 1s Preis (ClickHouse)] CPU affinity set via psutil: core=0
2026-01-31 10:53:27,823 INFO root: [2.1 1s Preis (ClickHouse)] Start preset=2.1 1s Preis (ClickHouse)
2026-01-31 10:53:29,250 INFO root: [2.1 1s Preis (ClickHouse)] LOG LEGEND: ws=websocket input, routed=router accepted, written=buffered rows, flushed=rows inserted into ClickHouse. pending=written-flushed (buffer), missing=expected-flushed (per interval), backlog=rolling deficit vs expected, backlog_ws=rolling deficit vs ws (ingest throughput vs input).
2026-01-31 10:53:29,253 INFO root: [2.1 1s Preis (ClickHouse)] Preset config: label=2.1 1s Preis (ClickHouse) log_interval_s=10 health=True
2026-01-31 10:53:29,254 INFO feeds.binance: [2.1 1s Preis (ClickHouse)] connect channel=mark_price streams=100
2026-01-31 10:53:29,299 INFO feeds.binance: [2.1 1s Preis (ClickHouse)] connect channel=mark_price streams=100
2026-01-31 10:53:29,300 INFO feeds.binance: [2.1 1s Preis (ClickHouse)] connect channel=mark_price streams=100
2026-01-31 10:53:29,301 INFO feeds.binance: [2.1 1s Preis (ClickHouse)] connect channel=mark_price streams=100
2026-01-31 10:53:29,305 INFO feeds.binance: [2.1 1s Preis (ClickHouse)] connect channel=mark_price streams=100
2026-01-31 10:53:29,309 INFO feeds.binance: [2.1 1s Preis (ClickHouse)] connect channel=mark_price streams=44
2026-01-31 10:53:29,614 WARNING root: [2.1 1s Preis (ClickHouse)] ClickHouse process not found. Set CLICKHOUSE_PID to force tracking.
2026-01-31 10:53:30,365 INFO feeds.binance: [2.1 1s Preis (ClickHouse)] connected channel=mark_price
2026-01-31 10:53:30,369 INFO feeds.binance: [2.1 1s Preis (ClickHouse)] connected channel=mark_price
2026-01-31 10:53:30,442 INFO feeds.binance: [2.1 1s Preis (ClickHouse)] connected channel=mark_price
2026-01-31 10:53:30,450 INFO feeds.binance: [2.1 1s Preis (ClickHouse)] connected channel=mark_price
2026-01-31 10:53:30,454 INFO feeds.binance: [2.1 1s Preis (ClickHouse)] connected channel=mark_price
2026-01-31 10:53:30,691 INFO feeds.binance: [2.1 1s Preis (ClickHouse)] connected channel=mark_price
2026-01-31 10:53:39,317 INFO feeds.binance: [2.1 1s Preis (ClickHouse)] ws-stats mark_price: msgs+4852/10s conns+6 discs+0
2026-01-31 10:53:39,624 INFO root: [2.1 1s Preis (ClickHouse)] [ingest] clickhouse: events+4852/10s items+4852/10s flushed+4852/10s
2026-01-31 10:53:39,624 INFO root: [2.1 1s Preis (ClickHouse)] [diff] mark_price: ws+4852 routed+4852 written+4852 lost+0
2026-01-31 10:53:39,625 INFO root: [2.1 1s Preis (ClickHouse)] [health] mark_price: expected=5440/10s flushed=4852 pending=0 missing=588 backlog=588 backlog_ws=0
2026-01-31 10:53:39,629 INFO root: [2.1 1s Preis (ClickHouse)] HEALTH channel=mark_price lag_ms avg=666.1 max=680
2026-01-31 10:53:39,768 WARNING root: [2.1 1s Preis (ClickHouse)] [2.1 1s Preis (ClickHouse)] [ALERT-RED] missing data channel=mark_price missing=588/5440 (10.81%)
2026-01-31 10:53:39,833 INFO root: [2.1 1s Preis (ClickHouse)] [sys] py_cpu=6.8% | py_rss=70.7MB
2026-01-31 10:53:49,328 INFO feeds.binance: [2.1 1s Preis (ClickHouse)] ws-stats mark_price: msgs+5440/10s conns+0 discs+0
2026-01-31 10:53:49,636 INFO root: [2.1 1s Preis (ClickHouse)] HEALTH channel=mark_price lag_ms avg=660.1 max=674
2026-01-31 10:53:49,913 INFO root: [2.1 1s Preis (ClickHouse)] [ingest] clickhouse: events+5984/10s items+5984/10s flushed+5984/10s
2026-01-31 10:53:49,913 INFO root: [2.1 1s Preis (ClickHouse)] [diff] mark_price: ws+5984 routed+5984 written+5984 lost+0
2026-01-31 10:53:49,914 INFO root: [2.1 1s Preis (ClickHouse)] [health] mark_price: expected=5440/10s flushed=5984 pending=0 missing=0 backlog=44 backlog_ws=0
2026-01-31 10:53:50,038 INFO root: [2.1 1s Preis (ClickHouse)] [sys] py_cpu=3.7% | py_rss=71.2MB | py_io_read=0.00MB/10s | py_io_write=0.00MB/10s
2026-01-31 10:53:59,337 INFO feeds.binance: [2.1 1s Preis (ClickHouse)] ws-stats mark_price: msgs+5440/10s conns+0 discs+0
2026-01-31 10:53:59,639 INFO root: [2.1 1s Preis (ClickHouse)] HEALTH channel=mark_price lag_ms avg=655.3 max=663
2026-01-31 10:54:00,185 INFO root: [2.1 1s Preis (ClickHouse)] [ingest] clickhouse: events+5440/10s items+5440/10s flushed+5440/10s
2026-01-31 10:54:00,185 INFO root: [2.1 1s Preis (ClickHouse)] [diff] mark_price: ws+5440 routed+5440 written+5440 lost+0
2026-01-31 10:54:00,186 INFO root: [2.1 1s Preis (ClickHouse)] [health] mark_price: expected=5440/10s flushed=5440 pending=0 missing=0 backlog=44 backlog_ws=0
2026-01-31 10:54:00,307 INFO root: [2.1 1s Preis (ClickHouse)] [sys] py_cpu=4.1% | py_rss=71.6MB | py_io_read=0.00MB/10s | py_io_write=0.00MB/10s
2026-01-31 10:54:09,347 INFO feeds.binance: [2.1 1s Preis (ClickHouse)] ws-stats mark_price: msgs+5440/10s conns+0 discs+0
2026-01-31 10:54:09,644 INFO root: [2.1 1s Preis (ClickHouse)] HEALTH channel=mark_price lag_ms avg=656.6 max=671
2026-01-31 10:54:10,361 INFO root: [2.1 1s Preis (ClickHouse)] [ingest] clickhouse: events+5440/10s items+5440/10s flushed+5440/10s
2026-01-31 10:54:10,361 INFO root: [2.1 1s Preis (ClickHouse)] [diff] mark_price: ws+5440 routed+5440 written+5440 lost+0
2026-01-31 10:54:10,361 INFO root: [2.1 1s Preis (ClickHouse)] [health] mark_price: expected=5440/10s flushed=5440 pending=0 missing=0 backlog=44 backlog_ws=0
2026-01-31 10:54:10,449 INFO root: [2.1 1s Preis (ClickHouse)] [sys] py_cpu=4.3% | py_rss=71.7MB | py_io_read=0.00MB/10s | py_io_write=0.00MB/10s
2026-01-31 10:54:19,363 INFO feeds.binance: [2.1 1s Preis (ClickHouse)] ws-stats mark_price: msgs+5440/10s conns+0 discs+0
2026-01-31 10:54:19,647 INFO root: [2.1 1s Preis (ClickHouse)] HEALTH channel=mark_price lag_ms avg=668.2 max=691
2026-01-31 10:54:20,516 INFO root: [2.1 1s Preis (ClickHouse)] [ingest] clickhouse: events+5440/10s items+5440/10s flushed+5440/10s
2026-01-31 10:54:20,516 INFO root: [2.1 1s Preis (ClickHouse)] [diff] mark_price: ws+5440 routed+5440 written+5440 lost+0
2026-01-31 10:54:20,516 INFO root: [2.1 1s Preis (ClickHouse)] [health] mark_price: expected=5440/10s flushed=5440 pending=0 missing=0 backlog=44 backlog_ws=0
2026-01-31 10:54:20,669 INFO root: [2.1 1s Preis (ClickHouse)] [sys] py_cpu=4.4% | py_rss=72.0MB | py_io_read=0.00MB/10s | py_io_write=0.00MB/10s
2026-01-31 10:54:29,365 INFO feeds.binance: [2.1 1s Preis (ClickHouse)] ws-stats mark_price: msgs+5440/10s conns+0 discs+0
2026-01-31 10:54:29,649 INFO root: [2.1 1s Preis (ClickHouse)] HEALTH channel=mark_price lag_ms avg=666.2 max=683
2026-01-31 10:54:30,728 INFO root: [2.1 1s Preis (ClickHouse)] [ingest] clickhouse: events+5984/10s items+5984/10s flushed+5440/10s
2026-01-31 10:54:30,728 INFO root: [2.1 1s Preis (ClickHouse)] [diff] mark_price: ws+5984 routed+5984 written+5984 lost+0
2026-01-31 10:54:30,729 INFO root: [2.1 1s Preis (ClickHouse)] [loss] mark_price: ws->router 0 | router->writer 0 | writer->ch 544
2026-01-31 10:54:30,730 INFO root: [2.1 1s Preis (ClickHouse)] [health] mark_price: expected=5440/10s flushed=5440 pending=544 missing=0 backlog=44 backlog_ws=544
2026-01-31 10:54:30,823 INFO root: [2.1 1s Preis (ClickHouse)] [sys] py_cpu=4.5% | py_rss=70.9MB | py_io_read=0.00MB/10s | py_io_write=0.00MB/10s
2026-01-31 10:54:57,192 INFO root: [2.1 1s Preis (ClickHouse)] CPU affinity set via psutil: core=0
2026-01-31 10:54:57,192 INFO root: [2.1 1s Preis (ClickHouse)] Start preset=2.1 1s Preis (ClickHouse)
2026-01-31 10:54:59,209 INFO root: [2.1 1s Preis (ClickHouse)] LOG LEGEND: ws=websocket input, routed=router accepted, written=buffered rows, flushed=rows inserted into ClickHouse. pending=written-flushed (buffer), missing=expected-flushed (per interval), backlog=rolling deficit vs expected, backlog_ws=rolling deficit vs ws (ingest throughput vs input).
2026-01-31 10:54:59,219 INFO root: [2.1 1s Preis (ClickHouse)] Preset config: label=2.1 1s Preis (ClickHouse) log_interval_s=10 health=True
2026-01-31 10:54:59,227 INFO feeds.binance: [2.1 1s Preis (ClickHouse)] connect channel=mark_price streams=100
2026-01-31 10:54:59,284 INFO feeds.binance: [2.1 1s Preis (ClickHouse)] connect channel=mark_price streams=100
2026-01-31 10:54:59,286 INFO feeds.binance: [2.1 1s Preis (ClickHouse)] connect channel=mark_price streams=100
2026-01-31 10:54:59,287 INFO feeds.binance: [2.1 1s Preis (ClickHouse)] connect channel=mark_price streams=100
2026-01-31 10:54:59,289 INFO feeds.binance: [2.1 1s Preis (ClickHouse)] connect channel=mark_price streams=100
2026-01-31 10:54:59,290 INFO feeds.binance: [2.1 1s Preis (ClickHouse)] connect channel=mark_price streams=44
2026-01-31 10:54:59,532 WARNING root: [2.1 1s Preis (ClickHouse)] ClickHouse process not found. Set CLICKHOUSE_PID to force tracking.
2026-01-31 10:55:00,322 INFO feeds.binance: [2.1 1s Preis (ClickHouse)] connected channel=mark_price
2026-01-31 10:55:00,326 INFO feeds.binance: [2.1 1s Preis (ClickHouse)] connected channel=mark_price
2026-01-31 10:55:00,334 INFO feeds.binance: [2.1 1s Preis (ClickHouse)] connected channel=mark_price
2026-01-31 10:55:00,384 INFO feeds.binance: [2.1 1s Preis (ClickHouse)] connected channel=mark_price
2026-01-31 10:55:00,386 INFO feeds.binance: [2.1 1s Preis (ClickHouse)] connected channel=mark_price
2026-01-31 10:55:00,565 INFO feeds.binance: [2.1 1s Preis (ClickHouse)] connected channel=mark_price
2026-01-31 10:55:09,298 INFO feeds.binance: [2.1 1s Preis (ClickHouse)] ws-stats mark_price: msgs+4896/10s conns+6 discs+0
2026-01-31 10:55:09,543 INFO root: [2.1 1s Preis (ClickHouse)] [ingest] clickhouse: events+4896/10s items+4896/10s flushed+4896/10s
2026-01-31 10:55:09,544 INFO root: [2.1 1s Preis (ClickHouse)] [diff] mark_price: ws+4896 routed+4896 written+4896 lost+0
2026-01-31 10:55:09,544 INFO root: [2.1 1s Preis (ClickHouse)] [health] mark_price: expected=5440/10s flushed=4896 pending=0 missing=544 backlog=544 backlog_ws=0
2026-01-31 10:55:09,547 INFO root: [2.1 1s Preis (ClickHouse)] HEALTH channel=mark_price lag_ms avg=656.2 max=667
2026-01-31 10:55:09,692 WARNING root: [2.1 1s Preis (ClickHouse)] [2.1 1s Preis (ClickHouse)] [ALERT-RED] missing data channel=mark_price missing=544/5440 (10.00%)
2026-01-31 10:55:09,740 INFO root: [2.1 1s Preis (ClickHouse)] [sys] py_cpu=5.4% | py_rss=70.9MB
2026-01-31 10:55:19,312 INFO feeds.binance: [2.1 1s Preis (ClickHouse)] ws-stats mark_price: msgs+5440/10s conns+0 discs+0
2026-01-31 10:55:19,557 INFO root: [2.1 1s Preis (ClickHouse)] HEALTH channel=mark_price lag_ms avg=657.2 max=674
2026-01-31 10:55:19,801 INFO root: [2.1 1s Preis (ClickHouse)] [ingest] clickhouse: events+5984/10s items+5984/10s flushed+5440/10s
2026-01-31 10:55:19,801 INFO root: [2.1 1s Preis (ClickHouse)] [diff] mark_price: ws+5984 routed+5984 written+5984 lost+0
2026-01-31 10:55:19,802 INFO root: [2.1 1s Preis (ClickHouse)] [loss] mark_price: ws->router 0 | router->writer 0 | writer->ch 544
2026-01-31 10:55:19,802 INFO root: [2.1 1s Preis (ClickHouse)] [health] mark_price: expected=5440/10s flushed=5440 pending=544 missing=0 backlog=544 backlog_ws=544
2026-01-31 10:55:19,891 INFO root: [2.1 1s Preis (ClickHouse)] [sys] py_cpu=4.3% | py_rss=71.2MB | py_io_read=0.00MB/10s | py_io_write=0.00MB/10s
2026-01-31 10:55:29,320 INFO feeds.binance: [2.1 1s Preis (ClickHouse)] ws-stats mark_price: msgs+5440/10s conns+0 discs+0
2026-01-31 10:55:29,563 INFO root: [2.1 1s Preis (ClickHouse)] HEALTH channel=mark_price lag_ms avg=691.7 max=722
2026-01-31 10:55:29,946 INFO root: [2.1 1s Preis (ClickHouse)] [ingest] clickhouse: events+5440/10s items+5440/10s flushed+5984/10s
2026-01-31 10:55:29,947 INFO root: [2.1 1s Preis (ClickHouse)] [diff] mark_price: ws+5440 routed+5440 written+5440 lost+0
2026-01-31 10:55:29,947 INFO root: [2.1 1s Preis (ClickHouse)] [loss] mark_price: ws->router 0 | router->writer 0 | writer->ch -544
2026-01-31 10:55:29,948 INFO root: [2.1 1s Preis (ClickHouse)] [health] mark_price: expected=5440/10s flushed=5984 pending=0 missing=0 backlog=0 backlog_ws=0
2026-01-31 10:55:30,069 INFO root: [2.1 1s Preis (ClickHouse)] [sys] py_cpu=3.5% | py_rss=71.7MB | py_io_read=0.00MB/10s | py_io_write=0.00MB/10s
2026-01-31 10:55:39,322 INFO feeds.binance: [2.1 1s Preis (ClickHouse)] ws-stats mark_price: msgs+5440/10s conns+0 discs+0
2026-01-31 10:55:39,600 INFO root: [2.1 1s Preis (ClickHouse)] HEALTH channel=mark_price lag_ms avg=650.0 max=660
2026-01-31 10:55:40,149 INFO root: [2.1 1s Preis (ClickHouse)] [ingest] clickhouse: events+5440/10s items+5440/10s flushed+5440/10s
2026-01-31 10:55:40,150 INFO root: [2.1 1s Preis (ClickHouse)] [diff] mark_price: ws+5440 routed+5440 written+5440 lost+0
2026-01-31 10:55:40,150 INFO root: [2.1 1s Preis (ClickHouse)] [health] mark_price: expected=5440/10s flushed=5440 pending=0 missing=0 backlog=0 backlog_ws=0
2026-01-31 10:55:40,260 INFO root: [2.1 1s Preis (ClickHouse)] [sys] py_cpu=4.8% | py_rss=71.8MB | py_io_read=0.00MB/10s | py_io_write=0.00MB/10s
2026-01-31 10:55:49,333 INFO feeds.binance: [2.1 1s Preis (ClickHouse)] ws-stats mark_price: msgs+5440/10s conns+0 discs+0
2026-01-31 10:55:49,622 INFO root: [2.1 1s Preis (ClickHouse)] HEALTH channel=mark_price lag_ms avg=671.8 max=688
2026-01-31 10:55:50,330 INFO root: [2.1 1s Preis (ClickHouse)] [ingest] clickhouse: events+5440/10s items+5440/10s flushed+5440/10s
2026-01-31 10:55:50,331 INFO root: [2.1 1s Preis (ClickHouse)] [diff] mark_price: ws+5440 routed+5440 written+5440 lost+0
2026-01-31 10:55:50,334 INFO root: [2.1 1s Preis (ClickHouse)] [health] mark_price: expected=5440/10s flushed=5440 pending=0 missing=0 backlog=0 backlog_ws=0
2026-01-31 10:55:50,425 INFO root: [2.1 1s Preis (ClickHouse)] [sys] py_cpu=4.0% | py_rss=72.0MB | py_io_read=0.00MB/10s | py_io_write=0.00MB/10s
2026-01-31 10:55:59,338 INFO feeds.binance: [2.1 1s Preis (ClickHouse)] ws-stats mark_price: msgs+5440/10s conns+0 discs+0
2026-01-31 10:55:59,630 INFO root: [2.1 1s Preis (ClickHouse)] HEALTH channel=mark_price lag_ms avg=660.2 max=671
2026-01-31 10:56:00,485 INFO root: [2.1 1s Preis (ClickHouse)] [ingest] clickhouse: events+5440/10s items+5440/10s flushed+5440/10s
2026-01-31 10:56:00,485 INFO root: [2.1 1s Preis (ClickHouse)] [diff] mark_price: ws+5440 routed+5440 written+5440 lost+0
2026-01-31 10:56:00,486 INFO root: [2.1 1s Preis (ClickHouse)] [health] mark_price: expected=5440/10s flushed=5440 pending=0 missing=0 backlog=0 backlog_ws=0
2026-01-31 10:56:00,603 INFO root: [2.1 1s Preis (ClickHouse)] [sys] py_cpu=2.8% | py_rss=71.2MB | py_io_read=0.00MB/10s | py_io_write=0.00MB/10s
2026-01-31 10:56:09,346 INFO feeds.binance: [2.1 1s Preis (ClickHouse)] ws-stats mark_price: msgs+5440/10s conns+0 discs+0
2026-01-31 10:56:09,647 INFO root: [2.1 1s Preis (ClickHouse)] HEALTH channel=mark_price lag_ms avg=657.2 max=669
2026-01-31 10:56:10,654 INFO root: [2.1 1s Preis (ClickHouse)] [ingest] clickhouse: events+5640/10s items+5640/10s flushed+5440/10s
2026-01-31 10:56:10,655 INFO root: [2.1 1s Preis (ClickHouse)] [diff] mark_price: ws+5640 routed+5640 written+5640 lost+0
2026-01-31 10:56:10,655 INFO root: [2.1 1s Preis (ClickHouse)] [loss] mark_price: ws->router 0 | router->writer 0 | writer->ch 200
2026-01-31 10:56:10,655 INFO root: [2.1 1s Preis (ClickHouse)] [health] mark_price: expected=5440/10s flushed=5440 pending=200 missing=0 backlog=0 backlog_ws=200
2026-01-31 10:56:10,751 INFO root: [2.1 1s Preis (ClickHouse)] [sys] py_cpu=4.2% | py_rss=71.7MB | py_io_read=0.00MB/10s | py_io_write=0.00MB/10s
2026-01-31 10:56:19,355 INFO feeds.binance: [2.1 1s Preis (ClickHouse)] ws-stats mark_price: msgs+5440/10s conns+0 discs+0
2026-01-31 10:56:19,650 INFO root: [2.1 1s Preis (ClickHouse)] HEALTH channel=mark_price lag_ms avg=661.7 max=680
2026-01-31 10:56:20,819 INFO root: [2.1 1s Preis (ClickHouse)] [ingest] clickhouse: events+5784/10s items+5784/10s flushed+5440/10s
2026-01-31 10:56:20,820 INFO root: [2.1 1s Preis (ClickHouse)] [diff] mark_price: ws+5784 routed+5784 written+5784 lost+0
2026-01-31 10:56:20,821 INFO root: [2.1 1s Preis (ClickHouse)] [loss] mark_price: ws->router 0 | router->writer 0 | writer->ch 344
2026-01-31 10:56:20,821 INFO root: [2.1 1s Preis (ClickHouse)] [health] mark_price: expected=5440/10s flushed=5440 pending=344 missing=0 backlog=0 backlog_ws=544
2026-01-31 10:56:20,950 INFO root: [2.1 1s Preis (ClickHouse)] [sys] py_cpu=3.5% | py_rss=72.0MB | py_io_read=0.00MB/10s | py_io_write=0.00MB/10s
2026-01-31 10:56:29,359 INFO feeds.binance: [2.1 1s Preis (ClickHouse)] ws-stats mark_price: msgs+5440/10s conns+0 discs+0
2026-01-31 10:56:29,661 INFO root: [2.1 1s Preis (ClickHouse)] HEALTH channel=mark_price lag_ms avg=651.6 max=665
2026-01-31 10:56:31,006 INFO root: [2.1 1s Preis (ClickHouse)] [ingest] clickhouse: events+5440/10s items+5440/10s flushed+5984/10s
2026-01-31 10:56:31,007 INFO root: [2.1 1s Preis (ClickHouse)] [diff] mark_price: ws+5440 routed+5440 written+5440 lost+0
2026-01-31 10:56:31,008 INFO root: [2.1 1s Preis (ClickHouse)] [loss] mark_price: ws->router 0 | router->writer 0 | writer->ch -544
2026-01-31 10:56:31,010 INFO root: [2.1 1s Preis (ClickHouse)] [health] mark_price: expected=5440/10s flushed=5984 pending=0 missing=0 backlog=0 backlog_ws=0
2026-01-31 10:56:31,163 INFO root: [2.1 1s Preis (ClickHouse)] [sys] py_cpu=3.4% | py_rss=72.0MB | py_io_read=0.00MB/10s | py_io_write=0.00MB/10s
2026-01-31 10:56:39,370 INFO feeds.binance: [2.1 1s Preis (ClickHouse)] ws-stats mark_price: msgs+5440/10s conns+0 discs+0
2026-01-31 10:56:39,666 INFO root: [2.1 1s Preis (ClickHouse)] HEALTH channel=mark_price lag_ms avg=651.8 max=666
2026-01-31 10:56:41,272 INFO root: [2.1 1s Preis (ClickHouse)] [ingest] clickhouse: events+5440/10s items+5440/10s flushed+5440/10s
2026-01-31 10:56:41,273 INFO root: [2.1 1s Preis (ClickHouse)] [diff] mark_price: ws+5440 routed+5440 written+5440 lost+0
2026-01-31 10:56:41,273 INFO root: [2.1 1s Preis (ClickHouse)] [health] mark_price: expected=5440/10s flushed=5440 pending=0 missing=0 backlog=0 backlog_ws=0
2026-01-31 10:56:41,362 INFO root: [2.1 1s Preis (ClickHouse)] [sys] py_cpu=3.7% | py_rss=72.2MB | py_io_read=0.00MB/10s | py_io_write=0.00MB/10s
2026-01-31 10:56:49,373 INFO feeds.binance: [2.1 1s Preis (ClickHouse)] ws-stats mark_price: msgs+5440/10s conns+0 discs+0
2026-01-31 10:56:49,676 INFO root: [2.1 1s Preis (ClickHouse)] HEALTH channel=mark_price lag_ms avg=644.5 max=655
2026-01-31 10:56:51,419 INFO root: [2.1 1s Preis (ClickHouse)] [ingest] clickhouse: events+5440/10s items+5440/10s flushed+5440/10s
2026-01-31 10:56:51,424 INFO root: [2.1 1s Preis (ClickHouse)] [diff] mark_price: ws+5440 routed+5440 written+5440 lost+0
2026-01-31 10:56:51,424 INFO root: [2.1 1s Preis (ClickHouse)] [health] mark_price: expected=5440/10s flushed=5440 pending=0 missing=0 backlog=0 backlog_ws=0
2026-01-31 10:56:51,520 INFO root: [2.1 1s Preis (ClickHouse)] [sys] py_cpu=2.2% | py_rss=72.5MB | py_io_read=0.00MB/10s | py_io_write=0.00MB/10s
2026-01-31 10:56:59,386 INFO feeds.binance: [2.1 1s Preis (ClickHouse)] ws-stats mark_price: msgs+5440/10s conns+0 discs+0
2026-01-31 10:56:59,692 INFO root: [2.1 1s Preis (ClickHouse)] HEALTH channel=mark_price lag_ms avg=651.9 max=664
2026-01-31 10:57:01,577 INFO root: [2.1 1s Preis (ClickHouse)] [ingest] clickhouse: events+5440/10s items+5440/10s flushed+5440/10s
2026-01-31 10:57:01,578 INFO root: [2.1 1s Preis (ClickHouse)] [diff] mark_price: ws+5440 routed+5440 written+5440 lost+0
2026-01-31 10:57:01,578 INFO root: [2.1 1s Preis (ClickHouse)] [health] mark_price: expected=5440/10s flushed=5440 pending=0 missing=0 backlog=0 backlog_ws=0
2026-01-31 10:57:01,690 INFO root: [2.1 1s Preis (ClickHouse)] [sys] py_cpu=3.5% | py_rss=71.3MB | py_io_read=0.00MB/10s | py_io_write=0.00MB/10s
2026-01-31 10:57:09,399 INFO feeds.binance: [2.1 1s Preis (ClickHouse)] ws-stats mark_price: msgs+5440/10s conns+0 discs+0
2026-01-31 10:57:09,706 INFO root: [2.1 1s Preis (ClickHouse)] HEALTH channel=mark_price lag_ms avg=665.0 max=678
2026-01-31 10:57:11,757 INFO root: [2.1 1s Preis (ClickHouse)] [ingest] clickhouse: events+5984/10s items+5984/10s flushed+5440/10s
2026-01-31 10:57:11,758 INFO root: [2.1 1s Preis (ClickHouse)] [diff] mark_price: ws+5984 routed+5984 written+5984 lost+0
2026-01-31 10:57:11,758 INFO root: [2.1 1s Preis (ClickHouse)] [loss] mark_price: ws->router 0 | router->writer 0 | writer->ch 544
2026-01-31 10:57:11,759 INFO root: [2.1 1s Preis (ClickHouse)] [health] mark_price: expected=5440/10s flushed=5440 pending=544 missing=0 backlog=0 backlog_ws=544
2026-01-31 10:57:11,849 INFO root: [2.1 1s Preis (ClickHouse)] [sys] py_cpu=3.4% | py_rss=71.9MB | py_io_read=0.00MB/10s | py_io_write=0.00MB/10s
2026-01-31 10:57:19,407 INFO feeds.binance: [2.1 1s Preis (ClickHouse)] ws-stats mark_price: msgs+5440/10s conns+0 discs+0
2026-01-31 10:57:19,714 INFO root: [2.1 1s Preis (ClickHouse)] HEALTH channel=mark_price lag_ms avg=676.1 max=689
2026-01-31 10:57:21,909 INFO root: [2.1 1s Preis (ClickHouse)] [ingest] clickhouse: events+5440/10s items+5440/10s flushed+5458/10s
2026-01-31 10:57:21,915 INFO root: [2.1 1s Preis (ClickHouse)] [diff] mark_price: ws+5440 routed+5440 written+5440 lost+0
2026-01-31 10:57:21,916 INFO root: [2.1 1s Preis (ClickHouse)] [loss] mark_price: ws->router 0 | router->writer 0 | writer->ch -18
2026-01-31 10:57:21,918 INFO root: [2.1 1s Preis (ClickHouse)] [health] mark_price: expected=5440/10s flushed=5458 pending=0 missing=0 backlog=0 backlog_ws=526
2026-01-31 10:57:22,037 INFO root: [2.1 1s Preis (ClickHouse)] [sys] py_cpu=4.1% | py_rss=71.6MB | py_io_read=0.00MB/10s | py_io_write=0.00MB/10s
2026-01-31 10:57:29,417 INFO feeds.binance: [2.1 1s Preis (ClickHouse)] ws-stats mark_price: msgs+5440/10s conns+0 discs+0
2026-01-31 10:57:29,719 INFO root: [2.1 1s Preis (ClickHouse)] HEALTH channel=mark_price lag_ms avg=646.5 max=656
2026-01-31 10:57:32,100 INFO root: [2.1 1s Preis (ClickHouse)] [ingest] clickhouse: events+5440/10s items+5440/10s flushed+5966/10s
2026-01-31 10:57:32,101 INFO root: [2.1 1s Preis (ClickHouse)] [diff] mark_price: ws+5440 routed+5440 written+5440 lost+0
2026-01-31 10:57:32,101 INFO root: [2.1 1s Preis (ClickHouse)] [loss] mark_price: ws->router 0 | router->writer 0 | writer->ch -526
2026-01-31 10:57:32,101 INFO root: [2.1 1s Preis (ClickHouse)] [health] mark_price: expected=5440/10s flushed=5966 pending=0 missing=0 backlog=0 backlog_ws=0
2026-01-31 10:57:32,210 INFO root: [2.1 1s Preis (ClickHouse)] [sys] py_cpu=2.9% | py_rss=72.2MB | py_io_read=0.00MB/10s | py_io_write=0.00MB/10s
2026-01-31 10:57:39,431 INFO feeds.binance: [2.1 1s Preis (ClickHouse)] ws-stats mark_price: msgs+5440/10s conns+0 discs+0
2026-01-31 10:57:39,723 INFO root: [2.1 1s Preis (ClickHouse)] HEALTH channel=mark_price lag_ms avg=663.7 max=678
2026-01-31 10:57:42,282 INFO root: [2.1 1s Preis (ClickHouse)] [ingest] clickhouse: events+5440/10s items+5440/10s flushed+5440/10s
2026-01-31 10:57:42,282 INFO root: [2.1 1s Preis (ClickHouse)] [diff] mark_price: ws+5440 routed+5440 written+5440 lost+0
2026-01-31 10:57:42,282 INFO root: [2.1 1s Preis (ClickHouse)] [health] mark_price: expected=5440/10s flushed=5440 pending=0 missing=0 backlog=0 backlog_ws=0
2026-01-31 10:57:42,409 INFO root: [2.1 1s Preis (ClickHouse)] [sys] py_cpu=2.3% | py_rss=72.4MB | py_io_read=0.00MB/10s | py_io_write=0.00MB/10s
2026-01-31 10:57:49,434 INFO feeds.binance: [2.1 1s Preis (ClickHouse)] ws-stats mark_price: msgs+5440/10s conns+0 discs+0
2026-01-31 10:57:49,728 INFO root: [2.1 1s Preis (ClickHouse)] HEALTH channel=mark_price lag_ms avg=655.4 max=666
2026-01-31 10:57:52,473 INFO root: [2.1 1s Preis (ClickHouse)] [ingest] clickhouse: events+5440/10s items+5440/10s flushed+5440/10s
2026-01-31 10:57:52,474 INFO root: [2.1 1s Preis (ClickHouse)] [diff] mark_price: ws+5440 routed+5440 written+5440 lost+0
2026-01-31 10:57:52,475 INFO root: [2.1 1s Preis (ClickHouse)] [health] mark_price: expected=5440/10s flushed=5440 pending=0 missing=0 backlog=0 backlog_ws=0
2026-01-31 10:57:52,575 INFO root: [2.1 1s Preis (ClickHouse)] [sys] py_cpu=2.8% | py_rss=72.4MB | py_io_read=0.00MB/10s | py_io_write=0.00MB/10s
2026-01-31 10:57:59,448 INFO feeds.binance: [2.1 1s Preis (ClickHouse)] ws-stats mark_price: msgs+5440/10s conns+0 discs+0
2026-01-31 10:57:59,740 INFO root: [2.1 1s Preis (ClickHouse)] HEALTH channel=mark_price lag_ms avg=653.3 max=664
2026-01-31 10:58:02,644 INFO root: [2.1 1s Preis (ClickHouse)] [ingest] clickhouse: events+5440/10s items+5440/10s flushed+5440/10s
2026-01-31 10:58:02,644 INFO root: [2.1 1s Preis (ClickHouse)] [diff] mark_price: ws+5440 routed+5440 written+5440 lost+0
2026-01-31 10:58:02,645 INFO root: [2.1 1s Preis (ClickHouse)] [health] mark_price: expected=5440/10s flushed=5440 pending=0 missing=0 backlog=0 backlog_ws=0
2026-01-31 10:58:02,773 INFO root: [2.1 1s Preis (ClickHouse)] [sys] py_cpu=3.5% | py_rss=72.7MB | py_io_read=0.00MB/10s | py_io_write=0.00MB/10s
2026-01-31 10:58:09,453 INFO feeds.binance: [2.1 1s Preis (ClickHouse)] ws-stats mark_price: msgs+5440/10s conns+0 discs+0
2026-01-31 10:58:09,743 INFO root: [2.1 1s Preis (ClickHouse)] HEALTH channel=mark_price lag_ms avg=652.3 max=665
2026-01-31 10:58:12,832 INFO root: [2.1 1s Preis (ClickHouse)] [ingest] clickhouse: events+5984/10s items+5984/10s flushed+5440/10s
2026-01-31 10:58:12,833 INFO root: [2.1 1s Preis (ClickHouse)] [diff] mark_price: ws+5984 routed+5984 written+5984 lost+0
2026-01-31 10:58:12,833 INFO root: [2.1 1s Preis (ClickHouse)] [loss] mark_price: ws->router 0 | router->writer 0 | writer->ch 544
2026-01-31 10:58:12,833 INFO root: [2.1 1s Preis (ClickHouse)] [health] mark_price: expected=5440/10s flushed=5440 pending=544 missing=0 backlog=0 backlog_ws=544
2026-01-31 10:58:12,954 INFO root: [2.1 1s Preis (ClickHouse)] [sys] py_cpu=3.2% | py_rss=72.7MB | py_io_read=0.00MB/10s | py_io_write=0.00MB/10s
2026-01-31 10:58:19,456 INFO feeds.binance: [2.1 1s Preis (ClickHouse)] ws-stats mark_price: msgs+5440/10s conns+0 discs+0
2026-01-31 10:58:19,747 INFO root: [2.1 1s Preis (ClickHouse)] HEALTH channel=mark_price lag_ms avg=654.2 max=666
2026-01-31 10:58:23,036 INFO root: [2.1 1s Preis (ClickHouse)] [ingest] clickhouse: events+5440/10s items+5440/10s flushed+5984/10s
2026-01-31 10:58:23,037 INFO root: [2.1 1s Preis (ClickHouse)] [diff] mark_price: ws+5440 routed+5440 written+5440 lost+0
2026-01-31 10:58:23,037 INFO root: [2.1 1s Preis (ClickHouse)] [loss] mark_price: ws->router 0 | router->writer 0 | writer->ch -544
2026-01-31 10:58:23,038 INFO root: [2.1 1s Preis (ClickHouse)] [health] mark_price: expected=5440/10s flushed=5984 pending=0 missing=0 backlog=0 backlog_ws=0
2026-01-31 10:58:23,135 INFO root: [2.1 1s Preis (ClickHouse)] [sys] py_cpu=2.9% | py_rss=72.7MB | py_io_read=0.00MB/10s | py_io_write=0.00MB/10s
2026-01-31 10:58:29,471 INFO feeds.binance: [2.1 1s Preis (ClickHouse)] ws-stats mark_price: msgs+5440/10s conns+0 discs+0
2026-01-31 10:58:29,762 INFO root: [2.1 1s Preis (ClickHouse)] HEALTH channel=mark_price lag_ms avg=655.7 max=669
2026-01-31 10:58:33,213 INFO root: [2.1 1s Preis (ClickHouse)] [ingest] clickhouse: events+5440/10s items+5440/10s flushed+5440/10s
2026-01-31 10:58:33,214 INFO root: [2.1 1s Preis (ClickHouse)] [diff] mark_price: ws+5440 routed+5440 written+5440 lost+0
2026-01-31 10:58:33,214 INFO root: [2.1 1s Preis (ClickHouse)] [health] mark_price: expected=5440/10s flushed=5440 pending=0 missing=0 backlog=0 backlog_ws=0
2026-01-31 10:58:33,499 INFO root: [2.1 1s Preis (ClickHouse)] [sys] py_cpu=4.1% | py_rss=72.7MB | py_io_read=0.00MB/10s | py_io_write=0.00MB/10s
2026-01-31 10:58:39,482 INFO feeds.binance: [2.1 1s Preis (ClickHouse)] ws-stats mark_price: msgs+5440/10s conns+0 discs+0
2026-01-31 10:58:39,773 INFO root: [2.1 1s Preis (ClickHouse)] HEALTH channel=mark_price lag_ms avg=656.5 max=673
2026-01-31 10:58:43,627 INFO root: [2.1 1s Preis (ClickHouse)] [ingest] clickhouse: events+5440/10s items+5440/10s flushed+5440/10s
2026-01-31 10:58:43,627 INFO root: [2.1 1s Preis (ClickHouse)] [diff] mark_price: ws+5440 routed+5440 written+5440 lost+0
2026-01-31 10:58:43,628 INFO root: [2.1 1s Preis (ClickHouse)] [health] mark_price: expected=5440/10s flushed=5440 pending=0 missing=0 backlog=0 backlog_ws=0
2026-01-31 10:58:43,730 INFO root: [2.1 1s Preis (ClickHouse)] [sys] py_cpu=3.5% | py_rss=72.7MB | py_io_read=0.00MB/10s | py_io_write=0.00MB/10s
2026-01-31 10:58:49,488 INFO feeds.binance: [2.1 1s Preis (ClickHouse)] ws-stats mark_price: msgs+5440/10s conns+0 discs+0
2026-01-31 10:58:49,775 INFO root: [2.1 1s Preis (ClickHouse)] HEALTH channel=mark_price lag_ms avg=648.1 max=659
2026-01-31 11:27:06,494 INFO root: [2.1 1s Preis (ClickHouse)] CPU affinity set via psutil: core=0
2026-01-31 11:27:06,494 INFO root: [2.1 1s Preis (ClickHouse)] Start preset=2.1 1s Preis (ClickHouse)
2026-01-31 11:27:08,357 INFO root: [2.1 1s Preis (ClickHouse)] LOG LEGEND: ws=websocket input, routed=router accepted, written=buffered rows, flushed=rows inserted into ClickHouse. pending=written-flushed (buffer), missing=expected-flushed (per interval), backlog=rolling deficit vs expected, backlog_ws=rolling deficit vs ws (ingest throughput vs input).
2026-01-31 11:27:08,358 INFO root: [2.1 1s Preis (ClickHouse)] Preset config: label=2.1 1s Preis (ClickHouse) log_interval_s=10 health=True
2026-01-31 11:27:08,358 INFO feeds.binance: [2.1 1s Preis (ClickHouse)] connect channel=mark_price streams=100
2026-01-31 11:27:08,397 INFO feeds.binance: [2.1 1s Preis (ClickHouse)] connect channel=mark_price streams=100
2026-01-31 11:27:08,398 INFO feeds.binance: [2.1 1s Preis (ClickHouse)] connect channel=mark_price streams=100
2026-01-31 11:27:08,399 INFO feeds.binance: [2.1 1s Preis (ClickHouse)] connect channel=mark_price streams=100
2026-01-31 11:27:08,401 INFO feeds.binance: [2.1 1s Preis (ClickHouse)] connect channel=mark_price streams=100
2026-01-31 11:27:08,402 INFO feeds.binance: [2.1 1s Preis (ClickHouse)] connect channel=mark_price streams=44
2026-01-31 11:27:08,614 WARNING root: [2.1 1s Preis (ClickHouse)] ClickHouse process not found. Set CLICKHOUSE_PID to force tracking.
2026-01-31 11:27:09,341 INFO feeds.binance: [2.1 1s Preis (ClickHouse)] connected channel=mark_price
2026-01-31 11:27:09,456 INFO feeds.binance: [2.1 1s Preis (ClickHouse)] connected channel=mark_price
2026-01-31 11:27:09,463 INFO feeds.binance: [2.1 1s Preis (ClickHouse)] connected channel=mark_price
2026-01-31 11:27:09,482 INFO feeds.binance: [2.1 1s Preis (ClickHouse)] connected channel=mark_price
2026-01-31 11:27:09,483 INFO feeds.binance: [2.1 1s Preis (ClickHouse)] connected channel=mark_price
2026-01-31 11:27:09,695 INFO feeds.binance: [2.1 1s Preis (ClickHouse)] connected channel=mark_price
2026-01-31 11:27:18,418 INFO feeds.binance: [2.1 1s Preis (ClickHouse)] ws-stats mark_price: msgs+4852/10s conns+6 discs+0
2026-01-31 11:27:18,626 INFO root: [2.1 1s Preis (ClickHouse)] [ingest] clickhouse: events+4852/10s items+4852/10s flushed+4852/10s
2026-01-31 11:27:18,628 INFO root: [2.1 1s Preis (ClickHouse)] [diff] mark_price: ws+4852 routed+4852 written+4852 lost+0
2026-01-31 11:27:18,628 INFO root: [2.1 1s Preis (ClickHouse)] [health] mark_price: expected=5440/10s flushed=4852 pending=0 missing=588 backlog=588 backlog_ws=0
2026-01-31 11:27:18,632 INFO root: [2.1 1s Preis (ClickHouse)] HEALTH channel=mark_price lag_ms avg=641.6 max=656
2026-01-31 11:27:18,728 WARNING root: [2.1 1s Preis (ClickHouse)] [2.1 1s Preis (ClickHouse)] [ALERT-RED] missing data channel=mark_price missing=588/5440 (10.81%)
2026-01-31 11:27:18,803 INFO root: [2.1 1s Preis (ClickHouse)] [sys] py_cpu=6.5% | py_rss=71.2MB
2026-01-31 11:27:28,422 INFO feeds.binance: [2.1 1s Preis (ClickHouse)] ws-stats mark_price: msgs+5440/10s conns+0 discs+0
2026-01-31 11:27:28,634 INFO root: [2.1 1s Preis (ClickHouse)] HEALTH channel=mark_price lag_ms avg=644.3 max=676
2026-01-31 11:27:28,907 INFO root: [2.1 1s Preis (ClickHouse)] [ingest] clickhouse: events+5984/10s items+5984/10s flushed+5984/10s
2026-01-31 11:27:28,914 INFO root: [2.1 1s Preis (ClickHouse)] [diff] mark_price: ws+5984 routed+5984 written+5984 lost+0
2026-01-31 11:27:28,917 INFO root: [2.1 1s Preis (ClickHouse)] [health] mark_price: expected=5440/10s flushed=5984 pending=0 missing=0 backlog=44 backlog_ws=0
2026-01-31 11:27:28,922 INFO root: [2.1 1s Preis (ClickHouse)] [sys] py_cpu=3.4% | py_rss=72.2MB | py_io_read=0.00MB/10s | py_io_write=0.00MB/10s
2026-01-31 11:27:38,467 INFO feeds.binance: [2.1 1s Preis (ClickHouse)] ws-stats mark_price: msgs+5440/10s conns+0 discs+0
2026-01-31 11:27:38,639 INFO root: [2.1 1s Preis (ClickHouse)] HEALTH channel=mark_price lag_ms avg=637.2 max=647
2026-01-31 11:27:38,934 INFO root: [2.1 1s Preis (ClickHouse)] [ingest] clickhouse: events+5440/10s items+5440/10s flushed+5440/10s
2026-01-31 11:27:38,934 INFO root: [2.1 1s Preis (ClickHouse)] [diff] mark_price: ws+5440 routed+5440 written+5440 lost+0
2026-01-31 11:27:38,936 INFO root: [2.1 1s Preis (ClickHouse)] [health] mark_price: expected=5440/10s flushed=5440 pending=0 missing=0 backlog=44 backlog_ws=0
2026-01-31 11:27:38,936 INFO root: [2.1 1s Preis (ClickHouse)] [sys] py_cpu=3.0% | py_rss=72.7MB | py_io_read=0.00MB/10s | py_io_write=0.00MB/10s
2026-01-31 11:27:48,511 INFO feeds.binance: [2.1 1s Preis (ClickHouse)] ws-stats mark_price: msgs+5440/10s conns+0 discs+0
2026-01-31 11:27:48,645 INFO root: [2.1 1s Preis (ClickHouse)] HEALTH channel=mark_price lag_ms avg=653.5 max=677
2026-01-31 11:27:48,939 INFO root: [2.1 1s Preis (ClickHouse)] [ingest] clickhouse: events+5440/10s items+5440/10s flushed+5440/10s
2026-01-31 11:27:48,940 INFO root: [2.1 1s Preis (ClickHouse)] [diff] mark_price: ws+5440 routed+5440 written+5440 lost+0
2026-01-31 11:27:48,941 INFO root: [2.1 1s Preis (ClickHouse)] [health] mark_price: expected=5440/10s flushed=5440 pending=0 missing=0 backlog=44 backlog_ws=0
2026-01-31 11:27:48,941 INFO root: [2.1 1s Preis (ClickHouse)] [sys] py_cpu=3.6% | py_rss=72.9MB | py_io_read=0.00MB/10s | py_io_write=0.00MB/10s
2026-01-31 11:27:58,521 INFO feeds.binance: [2.1 1s Preis (ClickHouse)] ws-stats mark_price: msgs+5440/10s conns+0 discs+0
2026-01-31 11:27:58,659 INFO root: [2.1 1s Preis (ClickHouse)] HEALTH channel=mark_price lag_ms avg=651.6 max=660
2026-01-31 11:27:58,949 INFO root: [2.1 1s Preis (ClickHouse)] [ingest] clickhouse: events+5440/10s items+5440/10s flushed+5440/10s
2026-01-31 11:27:58,950 INFO root: [2.1 1s Preis (ClickHouse)] [diff] mark_price: ws+5440 routed+5440 written+5440 lost+0
2026-01-31 11:27:58,950 INFO root: [2.1 1s Preis (ClickHouse)] [health] mark_price: expected=5440/10s flushed=5440 pending=0 missing=0 backlog=44 backlog_ws=0
2026-01-31 11:27:58,950 INFO root: [2.1 1s Preis (ClickHouse)] [sys] py_cpu=3.9% | py_rss=72.9MB | py_io_read=0.00MB/10s | py_io_write=0.00MB/10s
2026-01-31 11:28:08,529 INFO feeds.binance: [2.1 1s Preis (ClickHouse)] ws-stats mark_price: msgs+5440/10s conns+0 discs+0
2026-01-31 11:28:08,666 INFO root: [2.1 1s Preis (ClickHouse)] HEALTH channel=mark_price lag_ms avg=637.7 max=647
2026-01-31 11:28:08,963 INFO root: [2.1 1s Preis (ClickHouse)] [ingest] clickhouse: events+5440/10s items+5440/10s flushed+5440/10s
2026-01-31 11:28:08,966 INFO root: [2.1 1s Preis (ClickHouse)] [diff] mark_price: ws+5440 routed+5440 written+5440 lost+0
2026-01-31 11:28:08,966 INFO root: [2.1 1s Preis (ClickHouse)] [health] mark_price: expected=5440/10s flushed=5440 pending=0 missing=0 backlog=44 backlog_ws=0
2026-01-31 11:28:08,968 INFO root: [2.1 1s Preis (ClickHouse)] [sys] py_cpu=3.1% | py_rss=72.9MB | py_io_read=0.00MB/10s | py_io_write=0.00MB/10s
2026-01-31 11:28:18,540 INFO feeds.binance: [2.1 1s Preis (ClickHouse)] ws-stats mark_price: msgs+5440/10s conns+0 discs+0
2026-01-31 11:28:18,677 INFO root: [2.1 1s Preis (ClickHouse)] HEALTH channel=mark_price lag_ms avg=647.1 max=662
2026-01-31 11:28:18,982 INFO root: [2.1 1s Preis (ClickHouse)] [ingest] clickhouse: events+5440/10s items+5440/10s flushed+5440/10s
2026-01-31 11:28:18,983 INFO root: [2.1 1s Preis (ClickHouse)] [diff] mark_price: ws+5440 routed+5440 written+5440 lost+0
2026-01-31 11:28:18,983 INFO root: [2.1 1s Preis (ClickHouse)] [health] mark_price: expected=5440/10s flushed=5440 pending=0 missing=0 backlog=44 backlog_ws=0
2026-01-31 11:28:19,075 INFO root: [2.1 1s Preis (ClickHouse)] [sys] py_cpu=2.6% | py_rss=72.9MB | py_io_read=0.00MB/10s | py_io_write=0.00MB/10s
2026-01-31 11:28:28,556 INFO feeds.binance: [2.1 1s Preis (ClickHouse)] ws-stats mark_price: msgs+5440/10s conns+0 discs+0
2026-01-31 11:28:28,693 INFO root: [2.1 1s Preis (ClickHouse)] HEALTH channel=mark_price lag_ms avg=640.4 max=654
2026-01-31 11:28:29,141 INFO root: [2.1 1s Preis (ClickHouse)] [ingest] clickhouse: events+5440/10s items+5440/10s flushed+5440/10s
2026-01-31 11:28:29,141 INFO root: [2.1 1s Preis (ClickHouse)] [diff] mark_price: ws+5440 routed+5440 written+5440 lost+0
2026-01-31 11:28:29,141 INFO root: [2.1 1s Preis (ClickHouse)] [health] mark_price: expected=5440/10s flushed=5440 pending=0 missing=0 backlog=44 backlog_ws=0
2026-01-31 11:28:29,142 INFO root: [2.1 1s Preis (ClickHouse)] [sys] py_cpu=2.2% | py_rss=72.9MB | py_io_read=0.00MB/10s | py_io_write=0.00MB/10s
2026-01-31 11:28:38,558 INFO feeds.binance: [2.1 1s Preis (ClickHouse)] ws-stats mark_price: msgs+5440/10s conns+0 discs+0
2026-01-31 11:28:38,697 INFO root: [2.1 1s Preis (ClickHouse)] HEALTH channel=mark_price lag_ms avg=644.7 max=656
2026-01-31 11:28:39,155 INFO root: [2.1 1s Preis (ClickHouse)] [ingest] clickhouse: events+5440/10s items+5440/10s flushed+5440/10s
2026-01-31 11:28:39,156 INFO root: [2.1 1s Preis (ClickHouse)] [diff] mark_price: ws+5440 routed+5440 written+5440 lost+0
2026-01-31 11:28:39,156 INFO root: [2.1 1s Preis (ClickHouse)] [health] mark_price: expected=5440/10s flushed=5440 pending=0 missing=0 backlog=44 backlog_ws=0
2026-01-31 11:28:39,156 INFO root: [2.1 1s Preis (ClickHouse)] [sys] py_cpu=3.9% | py_rss=71.7MB | py_io_read=0.00MB/10s | py_io_write=0.00MB/10s
2026-01-31 11:28:48,570 INFO feeds.binance: [2.1 1s Preis (ClickHouse)] ws-stats mark_price: msgs+5440/10s conns+0 discs+0
2026-01-31 11:28:48,704 INFO root: [2.1 1s Preis (ClickHouse)] HEALTH channel=mark_price lag_ms avg=642.2 max=656
2026-01-31 11:28:49,159 INFO root: [2.1 1s Preis (ClickHouse)] [ingest] clickhouse: events+5440/10s items+5440/10s flushed+5440/10s
2026-01-31 11:28:49,159 INFO root: [2.1 1s Preis (ClickHouse)] [diff] mark_price: ws+5440 routed+5440 written+5440 lost+0
2026-01-31 11:28:49,160 INFO root: [2.1 1s Preis (ClickHouse)] [health] mark_price: expected=5440/10s flushed=5440 pending=0 missing=0 backlog=44 backlog_ws=0
2026-01-31 11:28:49,160 INFO root: [2.1 1s Preis (ClickHouse)] [sys] py_cpu=4.2% | py_rss=72.5MB | py_io_read=0.00MB/10s | py_io_write=0.00MB/10s
2026-01-31 11:28:58,582 INFO feeds.binance: [2.1 1s Preis (ClickHouse)] ws-stats mark_price: msgs+5440/10s conns+0 discs+0
2026-01-31 11:28:58,719 INFO root: [2.1 1s Preis (ClickHouse)] HEALTH channel=mark_price lag_ms avg=643.2 max=653
2026-01-31 11:28:59,173 INFO root: [2.1 1s Preis (ClickHouse)] [ingest] clickhouse: events+5440/10s items+5440/10s flushed+5440/10s
2026-01-31 11:28:59,173 INFO root: [2.1 1s Preis (ClickHouse)] [diff] mark_price: ws+5440 routed+5440 written+5440 lost+0
2026-01-31 11:28:59,174 INFO root: [2.1 1s Preis (ClickHouse)] [health] mark_price: expected=5440/10s flushed=5440 pending=0 missing=0 backlog=44 backlog_ws=0
2026-01-31 11:28:59,174 INFO root: [2.1 1s Preis (ClickHouse)] [sys] py_cpu=2.0% | py_rss=72.6MB | py_io_read=0.00MB/10s | py_io_write=0.00MB/10s
2026-01-31 11:29:08,586 INFO feeds.binance: [2.1 1s Preis (ClickHouse)] ws-stats mark_price: msgs+5440/10s conns+0 discs+0
2026-01-31 11:29:08,722 INFO root: [2.1 1s Preis (ClickHouse)] HEALTH channel=mark_price lag_ms avg=645.9 max=656
2026-01-31 11:29:09,182 INFO root: [2.1 1s Preis (ClickHouse)] [ingest] clickhouse: events+5440/10s items+5440/10s flushed+5440/10s
2026-01-31 11:29:09,183 INFO root: [2.1 1s Preis (ClickHouse)] [diff] mark_price: ws+5440 routed+5440 written+5440 lost+0
2026-01-31 11:29:09,183 INFO root: [2.1 1s Preis (ClickHouse)] [health] mark_price: expected=5440/10s flushed=5440 pending=0 missing=0 backlog=44 backlog_ws=0
2026-01-31 11:29:09,183 INFO root: [2.1 1s Preis (ClickHouse)] [sys] py_cpu=3.3% | py_rss=72.9MB | py_io_read=0.00MB/10s | py_io_write=0.00MB/10s
2026-01-31 11:29:18,600 INFO feeds.binance: [2.1 1s Preis (ClickHouse)] ws-stats mark_price: msgs+5440/10s conns+0 discs+0
2026-01-31 11:29:18,738 INFO root: [2.1 1s Preis (ClickHouse)] HEALTH channel=mark_price lag_ms avg=643.6 max=658
2026-01-31 11:29:19,196 INFO root: [2.1 1s Preis (ClickHouse)] [ingest] clickhouse: events+5440/10s items+5440/10s flushed+5440/10s
2026-01-31 11:29:19,196 INFO root: [2.1 1s Preis (ClickHouse)] [diff] mark_price: ws+5440 routed+5440 written+5440 lost+0
2026-01-31 11:29:19,197 INFO root: [2.1 1s Preis (ClickHouse)] [health] mark_price: expected=5440/10s flushed=5440 pending=0 missing=0 backlog=44 backlog_ws=0
2026-01-31 11:29:19,288 INFO root: [2.1 1s Preis (ClickHouse)] [sys] py_cpu=3.2% | py_rss=73.0MB | py_io_read=0.00MB/10s | py_io_write=0.00MB/10s
2026-01-31 11:29:28,601 INFO feeds.binance: [2.1 1s Preis (ClickHouse)] ws-stats mark_price: msgs+5440/10s conns+0 discs+0
2026-01-31 11:29:28,754 INFO root: [2.1 1s Preis (ClickHouse)] HEALTH channel=mark_price lag_ms avg=642.9 max=651
2026-01-31 11:29:29,348 INFO root: [2.1 1s Preis (ClickHouse)] [ingest] clickhouse: events+5440/10s items+5440/10s flushed+5440/10s
2026-01-31 11:29:29,348 INFO root: [2.1 1s Preis (ClickHouse)] [diff] mark_price: ws+5440 routed+5440 written+5440 lost+0
2026-01-31 11:29:29,348 INFO root: [2.1 1s Preis (ClickHouse)] [health] mark_price: expected=5440/10s flushed=5440 pending=0 missing=0 backlog=44 backlog_ws=0
2026-01-31 11:29:29,348 INFO root: [2.1 1s Preis (ClickHouse)] [sys] py_cpu=2.6% | py_rss=73.0MB | py_io_read=0.00MB/10s | py_io_write=0.00MB/10s
2026-01-31 11:29:38,610 INFO feeds.binance: [2.1 1s Preis (ClickHouse)] ws-stats mark_price: msgs+5440/10s conns+0 discs+0
2026-01-31 11:29:38,763 INFO root: [2.1 1s Preis (ClickHouse)] HEALTH channel=mark_price lag_ms avg=637.2 max=648
2026-01-31 11:29:39,357 INFO root: [2.1 1s Preis (ClickHouse)] [ingest] clickhouse: events+5440/10s items+5440/10s flushed+5440/10s
2026-01-31 11:29:39,358 INFO root: [2.1 1s Preis (ClickHouse)] [diff] mark_price: ws+5440 routed+5440 written+5440 lost+0
2026-01-31 11:29:39,358 INFO root: [2.1 1s Preis (ClickHouse)] [health] mark_price: expected=5440/10s flushed=5440 pending=0 missing=0 backlog=44 backlog_ws=0
2026-01-31 11:29:39,358 INFO root: [2.1 1s Preis (ClickHouse)] [sys] py_cpu=1.9% | py_rss=73.0MB | py_io_read=0.00MB/10s | py_io_write=0.00MB/10s
2026-01-31 11:29:48,619 INFO feeds.binance: [2.1 1s Preis (ClickHouse)] ws-stats mark_price: msgs+5440/10s conns+0 discs+0
2026-01-31 11:29:48,771 INFO root: [2.1 1s Preis (ClickHouse)] HEALTH channel=mark_price lag_ms avg=645.7 max=661
2026-01-31 11:29:49,366 INFO root: [2.1 1s Preis (ClickHouse)] [ingest] clickhouse: events+5440/10s items+5440/10s flushed+5440/10s
2026-01-31 11:29:49,366 INFO root: [2.1 1s Preis (ClickHouse)] [diff] mark_price: ws+5440 routed+5440 written+5440 lost+0
2026-01-31 11:29:49,366 INFO root: [2.1 1s Preis (ClickHouse)] [health] mark_price: expected=5440/10s flushed=5440 pending=0 missing=0 backlog=44 backlog_ws=0
2026-01-31 11:29:49,367 INFO root: [2.1 1s Preis (ClickHouse)] [sys] py_cpu=2.2% | py_rss=73.1MB | py_io_read=0.00MB/10s | py_io_write=0.00MB/10s
2026-01-31 11:29:58,626 INFO feeds.binance: [2.1 1s Preis (ClickHouse)] ws-stats mark_price: msgs+5440/10s conns+0 discs+0
2026-01-31 11:29:58,780 INFO root: [2.1 1s Preis (ClickHouse)] HEALTH channel=mark_price lag_ms avg=642.2 max=652
2026-01-31 11:29:59,373 INFO root: [2.1 1s Preis (ClickHouse)] [ingest] clickhouse: events+5440/10s items+5440/10s flushed+5440/10s
2026-01-31 11:29:59,373 INFO root: [2.1 1s Preis (ClickHouse)] [diff] mark_price: ws+5440 routed+5440 written+5440 lost+0
2026-01-31 11:29:59,374 INFO root: [2.1 1s Preis (ClickHouse)] [health] mark_price: expected=5440/10s flushed=5440 pending=0 missing=0 backlog=44 backlog_ws=0
2026-01-31 11:29:59,374 INFO root: [2.1 1s Preis (ClickHouse)] [sys] py_cpu=3.0% | py_rss=73.1MB | py_io_read=0.00MB/10s | py_io_write=0.00MB/10s
2026-01-31 11:30:08,630 INFO feeds.binance: [2.1 1s Preis (ClickHouse)] ws-stats mark_price: msgs+5448/10s conns+0 discs+0
2026-01-31 11:30:08,784 INFO root: [2.1 1s Preis (ClickHouse)] HEALTH channel=mark_price lag_ms avg=647.0 max=660
2026-01-31 11:30:09,375 INFO root: [2.1 1s Preis (ClickHouse)] [ingest] clickhouse: events+5440/10s items+5440/10s flushed+5440/10s
2026-01-31 11:30:09,376 INFO root: [2.1 1s Preis (ClickHouse)] [diff] mark_price: ws+5440 routed+5440 written+5440 lost+0
2026-01-31 11:30:09,377 INFO root: [2.1 1s Preis (ClickHouse)] [health] mark_price: expected=5440/10s flushed=5440 pending=0 missing=0 backlog=44 backlog_ws=0
2026-01-31 11:30:09,377 INFO root: [2.1 1s Preis (ClickHouse)] [sys] py_cpu=3.1% | py_rss=73.1MB | py_io_read=0.00MB/10s | py_io_write=0.00MB/10s
2026-01-31 11:30:18,631 INFO feeds.binance: [2.1 1s Preis (ClickHouse)] ws-stats mark_price: msgs+5532/10s conns+0 discs+0
2026-01-31 11:30:18,788 INFO root: [2.1 1s Preis (ClickHouse)] HEALTH channel=mark_price lag_ms avg=643.4 max=657
2026-01-31 11:30:19,393 INFO root: [2.1 1s Preis (ClickHouse)] [ingest] clickhouse: events+5440/10s items+5440/10s flushed+5440/10s
2026-01-31 11:30:19,393 INFO root: [2.1 1s Preis (ClickHouse)] [diff] mark_price: ws+5440 routed+5440 written+5440 lost+0
2026-01-31 11:30:19,394 INFO root: [2.1 1s Preis (ClickHouse)] [health] mark_price: expected=5440/10s flushed=5440 pending=0 missing=0 backlog=44 backlog_ws=0
2026-01-31 11:30:19,547 INFO root: [2.1 1s Preis (ClickHouse)] [sys] py_cpu=2.6% | py_rss=73.1MB | py_io_read=0.00MB/10s | py_io_write=0.00MB/10s
2026-01-31 11:30:28,635 INFO feeds.binance: [2.1 1s Preis (ClickHouse)] ws-stats mark_price: msgs+5461/10s conns+0 discs+0
2026-01-31 11:30:28,802 INFO root: [2.1 1s Preis (ClickHouse)] HEALTH channel=mark_price lag_ms avg=634.6 max=644
2026-01-31 11:30:29,658 INFO root: [2.1 1s Preis (ClickHouse)] [ingest] clickhouse: events+5984/10s items+5984/10s flushed+5440/10s
2026-01-31 11:30:29,658 INFO root: [2.1 1s Preis (ClickHouse)] [diff] mark_price: ws+5984 routed+5984 written+5984 lost+0
2026-01-31 11:30:29,659 INFO root: [2.1 1s Preis (ClickHouse)] [loss] mark_price: ws->router 0 | router->writer 0 | writer->ch 544
2026-01-31 11:30:29,659 INFO root: [2.1 1s Preis (ClickHouse)] [health] mark_price: expected=5440/10s flushed=5440 pending=544 missing=0 backlog=44 backlog_ws=544
2026-01-31 11:30:29,659 INFO root: [2.1 1s Preis (ClickHouse)] [sys] py_cpu=3.1% | py_rss=73.1MB | py_io_read=0.00MB/10s | py_io_write=0.00MB/10s
2026-01-31 11:30:38,638 INFO feeds.binance: [2.1 1s Preis (ClickHouse)] ws-stats mark_price: msgs+5719/10s conns+0 discs+0
2026-01-31 11:30:38,815 INFO root: [2.1 1s Preis (ClickHouse)] HEALTH channel=mark_price lag_ms avg=633.5 max=646
2026-01-31 11:30:39,661 INFO root: [2.1 1s Preis (ClickHouse)] [ingest] clickhouse: events+5333/10s items+5333/10s flushed+5440/10s
2026-01-31 11:30:39,661 INFO root: [2.1 1s Preis (ClickHouse)] [diff] mark_price: ws+5333 routed+5333 written+5333 lost+0
2026-01-31 11:30:39,662 INFO root: [2.1 1s Preis (ClickHouse)] [loss] mark_price: ws->router 0 | router->writer 0 | writer->ch -107
2026-01-31 11:30:39,662 INFO root: [2.1 1s Preis (ClickHouse)] [health] mark_price: expected=5440/10s flushed=5440 pending=0 missing=0 backlog=44 backlog_ws=437
2026-01-31 11:30:39,662 INFO root: [2.1 1s Preis (ClickHouse)] [sys] py_cpu=1.9% | py_rss=73.3MB | py_io_read=0.00MB/10s | py_io_write=0.00MB/10s
2026-01-31 11:30:48,641 INFO feeds.binance: [2.1 1s Preis (ClickHouse)] ws-stats mark_price: msgs+5171/10s conns+0 discs+0
2026-01-31 11:30:48,826 INFO root: [2.1 1s Preis (ClickHouse)] HEALTH channel=mark_price lag_ms avg=649.6 max=669
2026-01-31 11:30:49,678 INFO root: [2.1 1s Preis (ClickHouse)] [ingest] clickhouse: events+5547/10s items+5547/10s flushed+5440/10s
2026-01-31 11:30:49,678 INFO root: [2.1 1s Preis (ClickHouse)] [diff] mark_price: ws+5547 routed+5547 written+5547 lost+0
2026-01-31 11:30:49,678 INFO root: [2.1 1s Preis (ClickHouse)] [loss] mark_price: ws->router 0 | router->writer 0 | writer->ch 107
2026-01-31 11:30:49,678 INFO root: [2.1 1s Preis (ClickHouse)] [health] mark_price: expected=5440/10s flushed=5440 pending=107 missing=0 backlog=44 backlog_ws=544
2026-01-31 11:30:49,679 INFO root: [2.1 1s Preis (ClickHouse)] [sys] py_cpu=2.7% | py_rss=73.3MB | py_io_read=0.00MB/10s | py_io_write=0.00MB/10s
2026-01-31 11:30:58,651 INFO feeds.binance: [2.1 1s Preis (ClickHouse)] ws-stats mark_price: msgs+5784/10s conns+0 discs+0
2026-01-31 11:30:58,834 INFO root: [2.1 1s Preis (ClickHouse)] HEALTH channel=mark_price lag_ms avg=638.2 max=657
2026-01-31 11:30:59,698 INFO root: [2.1 1s Preis (ClickHouse)] [ingest] clickhouse: events+5440/10s items+5440/10s flushed+5440/10s
2026-01-31 11:30:59,700 INFO root: [2.1 1s Preis (ClickHouse)] [diff] mark_price: ws+5440 routed+5440 written+5440 lost+0
2026-01-31 11:30:59,702 INFO root: [2.1 1s Preis (ClickHouse)] [health] mark_price: expected=5440/10s flushed=5440 pending=0 missing=0 backlog=44 backlog_ws=544
2026-01-31 11:30:59,703 INFO root: [2.1 1s Preis (ClickHouse)] [sys] py_cpu=2.6% | py_rss=73.4MB | py_io_read=0.00MB/10s | py_io_write=0.00MB/10s
2026-01-31 11:31:08,668 INFO feeds.binance: [2.1 1s Preis (ClickHouse)] ws-stats mark_price: msgs+5323/10s conns+0 discs+0
2026-01-31 11:31:08,850 INFO root: [2.1 1s Preis (ClickHouse)] HEALTH channel=mark_price lag_ms avg=652.0 max=668
2026-01-31 11:31:09,710 INFO root: [2.1 1s Preis (ClickHouse)] [ingest] clickhouse: events+5440/10s items+5440/10s flushed+5440/10s
2026-01-31 11:31:09,711 INFO root: [2.1 1s Preis (ClickHouse)] [diff] mark_price: ws+5440 routed+5440 written+5440 lost+0
2026-01-31 11:31:09,711 INFO root: [2.1 1s Preis (ClickHouse)] [health] mark_price: expected=5440/10s flushed=5440 pending=0 missing=0 backlog=44 backlog_ws=544
2026-01-31 11:31:09,712 INFO root: [2.1 1s Preis (ClickHouse)] [sys] py_cpu=3.9% | py_rss=73.5MB | py_io_read=0.00MB/10s | py_io_write=0.00MB/10s
2026-01-31 11:31:18,680 INFO feeds.binance: [2.1 1s Preis (ClickHouse)] ws-stats mark_price: msgs+5626/10s conns+0 discs+0
2026-01-31 11:31:18,865 INFO root: [2.1 1s Preis (ClickHouse)] HEALTH channel=mark_price lag_ms avg=642.5 max=657
2026-01-31 11:31:19,715 INFO root: [2.1 1s Preis (ClickHouse)] [ingest] clickhouse: events+5440/10s items+5440/10s flushed+5440/10s
2026-01-31 11:31:19,715 INFO root: [2.1 1s Preis (ClickHouse)] [diff] mark_price: ws+5440 routed+5440 written+5440 lost+0
2026-01-31 11:31:19,716 INFO root: [2.1 1s Preis (ClickHouse)] [health] mark_price: expected=5440/10s flushed=5440 pending=0 missing=0 backlog=44 backlog_ws=544
2026-01-31 11:31:19,822 INFO root: [2.1 1s Preis (ClickHouse)] [sys] py_cpu=4.3% | py_rss=73.6MB | py_io_read=0.00MB/10s | py_io_write=0.00MB/10s
2026-01-31 11:31:28,686 INFO feeds.binance: [2.1 1s Preis (ClickHouse)] ws-stats mark_price: msgs+5440/10s conns+0 discs+0
2026-01-31 11:31:28,872 INFO root: [2.1 1s Preis (ClickHouse)] HEALTH channel=mark_price lag_ms avg=637.9 max=647
2026-01-31 11:31:29,896 INFO root: [2.1 1s Preis (ClickHouse)] [ingest] clickhouse: events+5440/10s items+5440/10s flushed+5984/10s
2026-01-31 11:31:29,897 INFO root: [2.1 1s Preis (ClickHouse)] [diff] mark_price: ws+5440 routed+5440 written+5440 lost+0
2026-01-31 11:31:29,898 INFO root: [2.1 1s Preis (ClickHouse)] [loss] mark_price: ws->router 0 | router->writer 0 | writer->ch -544
2026-01-31 11:31:29,898 INFO root: [2.1 1s Preis (ClickHouse)] [health] mark_price: expected=5440/10s flushed=5984 pending=0 missing=0 backlog=0 backlog_ws=0
2026-01-31 11:31:29,898 INFO root: [2.1 1s Preis (ClickHouse)] [sys] py_cpu=3.9% | py_rss=73.7MB | py_io_read=0.00MB/10s | py_io_write=0.00MB/10s
2026-01-31 11:31:38,689 INFO feeds.binance: [2.1 1s Preis (ClickHouse)] ws-stats mark_price: msgs+5440/10s conns+0 discs+0
2026-01-31 11:31:38,887 INFO root: [2.1 1s Preis (ClickHouse)] HEALTH channel=mark_price lag_ms avg=652.5 max=664
2026-01-31 11:31:39,912 INFO root: [2.1 1s Preis (ClickHouse)] [ingest] clickhouse: events+5440/10s items+5440/10s flushed+5440/10s
2026-01-31 11:31:39,913 INFO root: [2.1 1s Preis (ClickHouse)] [diff] mark_price: ws+5440 routed+5440 written+5440 lost+0
2026-01-31 11:31:39,913 INFO root: [2.1 1s Preis (ClickHouse)] [health] mark_price: expected=5440/10s flushed=5440 pending=0 missing=0 backlog=0 backlog_ws=0
2026-01-31 11:31:39,913 INFO root: [2.1 1s Preis (ClickHouse)] [sys] py_cpu=3.6% | py_rss=73.8MB | py_io_read=0.00MB/10s | py_io_write=0.00MB/10s
2026-01-31 11:31:48,724 INFO feeds.binance: [2.1 1s Preis (ClickHouse)] ws-stats mark_price: msgs+5440/10s conns+0 discs+0
2026-01-31 11:31:48,913 INFO root: [2.1 1s Preis (ClickHouse)] HEALTH channel=mark_price lag_ms avg=640.5 max=655
2026-01-31 11:31:49,919 INFO root: [2.1 1s Preis (ClickHouse)] [ingest] clickhouse: events+5440/10s items+5440/10s flushed+5440/10s
2026-01-31 11:31:49,919 INFO root: [2.1 1s Preis (ClickHouse)] [diff] mark_price: ws+5440 routed+5440 written+5440 lost+0
2026-01-31 11:31:49,920 INFO root: [2.1 1s Preis (ClickHouse)] [health] mark_price: expected=5440/10s flushed=5440 pending=0 missing=0 backlog=0 backlog_ws=0
2026-01-31 11:31:49,920 INFO root: [2.1 1s Preis (ClickHouse)] [sys] py_cpu=1.7% | py_rss=73.8MB | py_io_read=0.00MB/10s | py_io_write=0.00MB/10s
2026-01-31 11:31:58,729 INFO feeds.binance: [2.1 1s Preis (ClickHouse)] ws-stats mark_price: msgs+5440/10s conns+0 discs+0
2026-01-31 11:31:58,928 INFO root: [2.1 1s Preis (ClickHouse)] HEALTH channel=mark_price lag_ms avg=635.0 max=647
2026-01-31 11:31:59,923 INFO root: [2.1 1s Preis (ClickHouse)] [ingest] clickhouse: events+5440/10s items+5440/10s flushed+5002/10s
2026-01-31 11:31:59,923 INFO root: [2.1 1s Preis (ClickHouse)] [diff] mark_price: ws+5440 routed+5440 written+5440 lost+0
2026-01-31 11:31:59,924 INFO root: [2.1 1s Preis (ClickHouse)] [loss] mark_price: ws->router 0 | router->writer 0 | writer->ch 438
2026-01-31 11:31:59,924 INFO root: [2.1 1s Preis (ClickHouse)] [health] mark_price: expected=5440/10s flushed=5002 pending=438 missing=438 backlog=438 backlog_ws=438
2026-01-31 11:31:59,924 WARNING root: [2.1 1s Preis (ClickHouse)] [2.1 1s Preis (ClickHouse)] [ALERT-RED] missing data channel=mark_price missing=438/5440 (8.05%)
2026-01-31 11:32:00,050 INFO root: [2.1 1s Preis (ClickHouse)] [sys] py_cpu=2.8% | py_rss=72.1MB | py_io_read=0.00MB/10s | py_io_write=0.00MB/10s
2026-01-31 11:32:08,746 INFO feeds.binance: [2.1 1s Preis (ClickHouse)] ws-stats mark_price: msgs+5440/10s conns+0 discs+0
2026-01-31 11:32:08,942 INFO root: [2.1 1s Preis (ClickHouse)] HEALTH channel=mark_price lag_ms avg=637.8 max=655
2026-01-31 11:32:10,056 INFO root: [2.1 1s Preis (ClickHouse)] [ingest] clickhouse: events+5440/10s items+5440/10s flushed+5878/10s
2026-01-31 11:32:10,057 INFO root: [2.1 1s Preis (ClickHouse)] [diff] mark_price: ws+5440 routed+5440 written+5440 lost+0
2026-01-31 11:32:10,057 INFO root: [2.1 1s Preis (ClickHouse)] [loss] mark_price: ws->router 0 | router->writer 0 | writer->ch -438
2026-01-31 11:32:10,057 INFO root: [2.1 1s Preis (ClickHouse)] [health] mark_price: expected=5440/10s flushed=5878 pending=0 missing=0 backlog=0 backlog_ws=0
2026-01-31 11:32:10,058 INFO root: [2.1 1s Preis (ClickHouse)] [sys] py_cpu=3.4% | py_rss=72.9MB | py_io_read=0.00MB/10s | py_io_write=0.00MB/10s
2026-01-31 11:32:18,751 INFO feeds.binance: [2.1 1s Preis (ClickHouse)] ws-stats mark_price: msgs+5440/10s conns+0 discs+0
2026-01-31 11:32:18,951 INFO root: [2.1 1s Preis (ClickHouse)] HEALTH channel=mark_price lag_ms avg=648.0 max=666
2026-01-31 11:32:20,063 INFO root: [2.1 1s Preis (ClickHouse)] [ingest] clickhouse: events+5440/10s items+5440/10s flushed+5440/10s
2026-01-31 11:32:20,063 INFO root: [2.1 1s Preis (ClickHouse)] [diff] mark_price: ws+5440 routed+5440 written+5440 lost+0
2026-01-31 11:32:20,064 INFO root: [2.1 1s Preis (ClickHouse)] [health] mark_price: expected=5440/10s flushed=5440 pending=0 missing=0 backlog=0 backlog_ws=0
2026-01-31 11:32:20,140 INFO root: [2.1 1s Preis (ClickHouse)] [sys] py_cpu=3.1% | py_rss=73.1MB | py_io_read=0.00MB/10s | py_io_write=0.00MB/10s
2026-01-31 11:32:28,754 INFO feeds.binance: [2.1 1s Preis (ClickHouse)] ws-stats mark_price: msgs+5440/10s conns+0 discs+0
2026-01-31 11:32:28,954 INFO root: [2.1 1s Preis (ClickHouse)] HEALTH channel=mark_price lag_ms avg=645.7 max=657
2026-01-31 11:32:30,210 INFO root: [2.1 1s Preis (ClickHouse)] [ingest] clickhouse: events+5440/10s items+5440/10s flushed+5440/10s
2026-01-31 11:32:30,211 INFO root: [2.1 1s Preis (ClickHouse)] [diff] mark_price: ws+5440 routed+5440 written+5440 lost+0
2026-01-31 11:32:30,211 INFO root: [2.1 1s Preis (ClickHouse)] [health] mark_price: expected=5440/10s flushed=5440 pending=0 missing=0 backlog=0 backlog_ws=0
2026-01-31 11:32:30,211 INFO root: [2.1 1s Preis (ClickHouse)] [sys] py_cpu=1.9% | py_rss=73.1MB | py_io_read=0.00MB/10s | py_io_write=0.00MB/10s
2026-01-31 11:32:38,757 INFO feeds.binance: [2.1 1s Preis (ClickHouse)] ws-stats mark_price: msgs+5440/10s conns+0 discs+0
2026-01-31 11:32:38,970 INFO root: [2.1 1s Preis (ClickHouse)] HEALTH channel=mark_price lag_ms avg=660.0 max=673
2026-01-31 11:32:40,218 INFO root: [2.1 1s Preis (ClickHouse)] [ingest] clickhouse: events+5440/10s items+5440/10s flushed+5440/10s
2026-01-31 11:32:40,220 INFO root: [2.1 1s Preis (ClickHouse)] [diff] mark_price: ws+5440 routed+5440 written+5440 lost+0
2026-01-31 11:32:40,221 INFO root: [2.1 1s Preis (ClickHouse)] [health] mark_price: expected=5440/10s flushed=5440 pending=0 missing=0 backlog=0 backlog_ws=0
2026-01-31 11:32:40,223 INFO root: [2.1 1s Preis (ClickHouse)] [sys] py_cpu=2.8% | py_rss=73.1MB | py_io_read=0.00MB/10s | py_io_write=0.00MB/10s
2026-01-31 11:32:48,765 INFO feeds.binance: [2.1 1s Preis (ClickHouse)] ws-stats mark_price: msgs+5440/10s conns+0 discs+0
2026-01-31 11:32:48,979 INFO root: [2.1 1s Preis (ClickHouse)] HEALTH channel=mark_price lag_ms avg=652.9 max=664
2026-01-31 11:32:50,231 INFO root: [2.1 1s Preis (ClickHouse)] [ingest] clickhouse: events+5440/10s items+5440/10s flushed+5440/10s
2026-01-31 11:32:50,231 INFO root: [2.1 1s Preis (ClickHouse)] [diff] mark_price: ws+5440 routed+5440 written+5440 lost+0
2026-01-31 11:32:50,232 INFO root: [2.1 1s Preis (ClickHouse)] [health] mark_price: expected=5440/10s flushed=5440 pending=0 missing=0 backlog=0 backlog_ws=0
2026-01-31 11:32:50,232 INFO root: [2.1 1s Preis (ClickHouse)] [sys] py_cpu=3.3% | py_rss=73.2MB | py_io_read=0.00MB/10s | py_io_write=0.00MB/10s
2026-01-31 11:32:58,766 INFO feeds.binance: [2.1 1s Preis (ClickHouse)] ws-stats mark_price: msgs+5440/10s conns+0 discs+0
2026-01-31 11:32:58,986 INFO root: [2.1 1s Preis (ClickHouse)] HEALTH channel=mark_price lag_ms avg=639.5 max=652
2026-01-31 11:33:00,239 INFO root: [2.1 1s Preis (ClickHouse)] [ingest] clickhouse: events+5440/10s items+5440/10s flushed+5440/10s
2026-01-31 11:33:00,240 INFO root: [2.1 1s Preis (ClickHouse)] [diff] mark_price: ws+5440 routed+5440 written+5440 lost+0
2026-01-31 11:33:00,240 INFO root: [2.1 1s Preis (ClickHouse)] [health] mark_price: expected=5440/10s flushed=5440 pending=0 missing=0 backlog=0 backlog_ws=0
2026-01-31 11:33:00,241 INFO root: [2.1 1s Preis (ClickHouse)] [sys] py_cpu=2.7% | py_rss=73.4MB | py_io_read=0.00MB/10s | py_io_write=0.00MB/10s
2026-01-31 11:33:08,773 INFO feeds.binance: [2.1 1s Preis (ClickHouse)] ws-stats mark_price: msgs+5440/10s conns+0 discs+0
2026-01-31 11:33:09,001 INFO root: [2.1 1s Preis (ClickHouse)] HEALTH channel=mark_price lag_ms avg=645.0 max=660
2026-01-31 11:33:10,255 INFO root: [2.1 1s Preis (ClickHouse)] [ingest] clickhouse: events+5440/10s items+5440/10s flushed+5440/10s
2026-01-31 11:33:10,255 INFO root: [2.1 1s Preis (ClickHouse)] [diff] mark_price: ws+5440 routed+5440 written+5440 lost+0
2026-01-31 11:33:10,257 INFO root: [2.1 1s Preis (ClickHouse)] [health] mark_price: expected=5440/10s flushed=5440 pending=0 missing=0 backlog=0 backlog_ws=0
2026-01-31 11:33:10,258 INFO root: [2.1 1s Preis (ClickHouse)] [sys] py_cpu=1.9% | py_rss=73.6MB | py_io_read=0.00MB/10s | py_io_write=0.00MB/10s
2026-01-31 11:33:18,782 INFO feeds.binance: [2.1 1s Preis (ClickHouse)] ws-stats mark_price: msgs+5440/10s conns+0 discs+0
2026-01-31 11:33:19,012 INFO root: [2.1 1s Preis (ClickHouse)] HEALTH channel=mark_price lag_ms avg=642.9 max=659
2026-01-31 11:33:20,268 INFO root: [2.1 1s Preis (ClickHouse)] [ingest] clickhouse: events+5440/10s items+5440/10s flushed+5440/10s
2026-01-31 11:33:20,268 INFO root: [2.1 1s Preis (ClickHouse)] [diff] mark_price: ws+5440 routed+5440 written+5440 lost+0
2026-01-31 11:33:20,269 INFO root: [2.1 1s Preis (ClickHouse)] [health] mark_price: expected=5440/10s flushed=5440 pending=0 missing=0 backlog=0 backlog_ws=0
2026-01-31 11:33:20,368 INFO root: [2.1 1s Preis (ClickHouse)] [sys] py_cpu=2.0% | py_rss=73.6MB | py_io_read=0.00MB/10s | py_io_write=0.00MB/10s
2026-01-31 11:33:28,794 INFO feeds.binance: [2.1 1s Preis (ClickHouse)] ws-stats mark_price: msgs+5440/10s conns+0 discs+0
2026-01-31 11:33:29,026 INFO root: [2.1 1s Preis (ClickHouse)] HEALTH channel=mark_price lag_ms avg=631.2 max=642
2026-01-31 11:33:30,435 INFO root: [2.1 1s Preis (ClickHouse)] [ingest] clickhouse: events+5440/10s items+5440/10s flushed+5440/10s
2026-01-31 11:33:30,436 INFO root: [2.1 1s Preis (ClickHouse)] [diff] mark_price: ws+5440 routed+5440 written+5440 lost+0
2026-01-31 11:33:30,436 INFO root: [2.1 1s Preis (ClickHouse)] [health] mark_price: expected=5440/10s flushed=5440 pending=0 missing=0 backlog=0 backlog_ws=0
2026-01-31 11:33:30,437 INFO root: [2.1 1s Preis (ClickHouse)] [sys] py_cpu=2.6% | py_rss=73.6MB | py_io_read=0.00MB/10s | py_io_write=0.00MB/10s
2026-01-31 11:33:38,802 INFO feeds.binance: [2.1 1s Preis (ClickHouse)] ws-stats mark_price: msgs+5440/10s conns+0 discs+0
2026-01-31 11:33:39,038 INFO root: [2.1 1s Preis (ClickHouse)] HEALTH channel=mark_price lag_ms avg=633.7 max=643
2026-01-31 11:33:40,450 INFO root: [2.1 1s Preis (ClickHouse)] [ingest] clickhouse: events+5440/10s items+5440/10s flushed+5440/10s
2026-01-31 11:33:40,451 INFO root: [2.1 1s Preis (ClickHouse)] [diff] mark_price: ws+5440 routed+5440 written+5440 lost+0
2026-01-31 11:33:40,453 INFO root: [2.1 1s Preis (ClickHouse)] [health] mark_price: expected=5440/10s flushed=5440 pending=0 missing=0 backlog=0 backlog_ws=0
2026-01-31 11:33:40,454 INFO root: [2.1 1s Preis (ClickHouse)] [sys] py_cpu=2.3% | py_rss=73.6MB | py_io_read=0.00MB/10s | py_io_write=0.00MB/10s
2026-01-31 11:33:48,813 INFO feeds.binance: [2.1 1s Preis (ClickHouse)] ws-stats mark_price: msgs+5440/10s conns+0 discs+0
2026-01-31 11:33:49,043 INFO root: [2.1 1s Preis (ClickHouse)] HEALTH channel=mark_price lag_ms avg=650.3 max=670
2026-01-31 11:33:50,460 INFO root: [2.1 1s Preis (ClickHouse)] [ingest] clickhouse: events+5440/10s items+5440/10s flushed+5440/10s
2026-01-31 11:33:50,461 INFO root: [2.1 1s Preis (ClickHouse)] [diff] mark_price: ws+5440 routed+5440 written+5440 lost+0
2026-01-31 11:33:50,462 INFO root: [2.1 1s Preis (ClickHouse)] [health] mark_price: expected=5440/10s flushed=5440 pending=0 missing=0 backlog=0 backlog_ws=0
2026-01-31 11:33:50,462 INFO root: [2.1 1s Preis (ClickHouse)] [sys] py_cpu=5.5% | py_rss=73.9MB | py_io_read=0.00MB/10s | py_io_write=0.00MB/10s
2026-01-31 11:33:58,815 INFO feeds.binance: [2.1 1s Preis (ClickHouse)] ws-stats mark_price: msgs+5440/10s conns+0 discs+0
2026-01-31 11:33:59,045 INFO root: [2.1 1s Preis (ClickHouse)] HEALTH channel=mark_price lag_ms avg=659.2 max=683
2026-01-31 11:34:00,471 INFO root: [2.1 1s Preis (ClickHouse)] [ingest] clickhouse: events+5440/10s items+5440/10s flushed+5440/10s
2026-01-31 11:34:00,471 INFO root: [2.1 1s Preis (ClickHouse)] [diff] mark_price: ws+5440 routed+5440 written+5440 lost+0
2026-01-31 11:34:00,472 INFO root: [2.1 1s Preis (ClickHouse)] [health] mark_price: expected=5440/10s flushed=5440 pending=0 missing=0 backlog=0 backlog_ws=0
2026-01-31 11:34:00,472 INFO root: [2.1 1s Preis (ClickHouse)] [sys] py_cpu=4.2% | py_rss=74.1MB | py_io_read=0.00MB/10s | py_io_write=0.00MB/10s
